C51 COMPILER V9.01   DIG                                                                   03/29/2018 16:28:22 PAGE 1   


C51 COMPILER V9.01, COMPILATION OF MODULE DIG
OBJECT MODULE PLACED IN dig.OBJ
COMPILER INVOKED BY: C:\Keil\C51\BIN\C51.EXE dig.c BROWSE DEBUG OBJECTEXTEND

line level    source

   1          #include "dig.h"
   2          #include "ds1302.h"
   3          
   4          uchar code DIG_CODE[] = {0xc0, 0xf9, 0xa4, 0xb0, 0x99, 0x92, 0x82, 0xf8, 0x80, 0x90};
   5          uchar dis_code[8], dis_flag = 0;
   6          
   7          extern uchar sec, min, hour, TIME[7], wet, wet_thr;
   8          extern bit play_flag, mode;
   9          void set()
  10          {
  11   1              Read_Time();
  12   1              sec = TIME[0] / 16 * 10 + TIME[0] % 16;
  13   1              min = TIME[1] / 16 * 10 + TIME[1] % 16;
  14   1              hour = TIME[2] / 16 * 10 + TIME[2] % 16;
  15   1              
  16   1              if(play_flag == 0)
  17   1              {
  18   2                      dis_code[0] = DIG_CODE[hour / 10];
  19   2                      dis_code[1] = DIG_CODE[hour % 10];
  20   2                      dis_code[2] = 0xbf;
  21   2                      dis_code[3] = DIG_CODE[min / 10];
  22   2                      dis_code[4] = DIG_CODE[min % 10];
  23   2                      dis_code[5] = 0xff;
  24   2                      dis_code[6] = DIG_CODE[wet / 10];
  25   2                      dis_code[7] = DIG_CODE[wet % 10];
  26   2              }
  27   1              else
  28   1              {
  29   2                      dis_code[0] = 0xbf;
  30   2                      dis_code[1] = 0xbf;
  31   2                      dis_code[2] = 0xff;
  32   2                      dis_code[3] = 0xff;
  33   2                      dis_code[4] = 0xff;
  34   2                      dis_code[5] = 0xff;
  35   2                      dis_code[6] = DIG_CODE[wet_thr / 10];
  36   2                      dis_code[7] = DIG_CODE[wet_thr % 10];
  37   2              }
  38   1      }
  39          
  40          void display()
  41          {
  42   1              
  43   1              set();
  44   1              P2 = P2 & 0x0f | 0xe0;
  45   1              P0 = 0xff;
  46   1              P2 &= 0x0f;
  47   1              P2 = P2 & 0x0f | 0xc0;
  48   1              P0 = 0x01 << dis_flag;
  49   1              P2 &= 0x0f;
  50   1              P2 = P2 & 0x0f | 0xe0;
  51   1              P0 = dis_code[dis_flag];
  52   1              P2 &= 0x0f;
  53   1              
  54   1              if( ++ dis_flag == 8)
  55   1                      dis_flag = 0;
C51 COMPILER V9.01   DIG                                                                   03/29/2018 16:28:22 PAGE 2   

  56   1      
  57   1      }
  58          


MODULE INFORMATION:   STATIC OVERLAYABLE
   CODE SIZE        =    232    ----
   CONSTANT SIZE    =     10    ----
   XDATA SIZE       =   ----    ----
   PDATA SIZE       =   ----    ----
   DATA SIZE        =      9    ----
   IDATA SIZE       =   ----    ----
   BIT SIZE         =   ----    ----
END OF MODULE INFORMATION.


C51 COMPILATION COMPLETE.  0 WARNING(S),  0 ERROR(S)
