C51 COMPILER V9.01   IIC                                                                   03/29/2018 16:25:37 PAGE 1   


C51 COMPILER V9.01, COMPILATION OF MODULE IIC
OBJECT MODULE PLACED IN iic.OBJ
COMPILER INVOKED BY: C:\Keil\C51\BIN\C51.EXE iic.c BROWSE DEBUG OBJECTEXTEND

line level    source

   1          /*
   2            程序说明: IIC总线驱动程序
   3            软件环境: Keil uVision 4.10 
   4            硬件环境: CT107单片机综合实训平台(12MHz)
   5            日    期: 2011-8-9
   6          */
   7          
   8          #include "iic.h"
   9          
  10          void nops()
  11          {
  12   1              uchar i = 5;
  13   1              do
  14   1              {
  15   2                      _nop_();_nop_();_nop_();_nop_();_nop_();
  16   2                      _nop_();_nop_();_nop_();_nop_();_nop_();
  17   2                      _nop_();_nop_();_nop_();_nop_();_nop_();
  18   2              }while(i--);
  19   1      }
  20          //总线启动条件
  21          void IIC_Start(void)
  22          {
  23   1              SDA = 1;
  24   1              SCL = 1;
  25   1              nops();
  26   1              SDA = 0;
  27   1              nops();
  28   1              SCL = 0;        
  29   1      }
  30          
  31          //总线停止条件
  32          void IIC_Stop(void)
  33          {
  34   1              SDA = 0;
  35   1              SCL = 1;
  36   1              nops();
  37   1              SDA = 1;
  38   1      }
  39          
  40          //应答位控制
  41          void IIC_Ack(unsigned char ackbit)
  42          {
  43   1              if(ackbit) 
  44   1              {       
  45   2                      SDA = 0;
  46   2              }
  47   1              else 
  48   1              {
  49   2                      SDA = 1;
  50   2              }
  51   1              nops();
  52   1              SCL = 1;
  53   1              nops();
  54   1              SCL = 0;
  55   1              SDA = 1; 
C51 COMPILER V9.01   IIC                                                                   03/29/2018 16:25:37 PAGE 2   

  56   1              nops();
  57   1      }
  58          
  59          //等待应答
  60          bit IIC_WaitAck(void)
  61          {
  62   1              SDA = 1;
  63   1              nops();
  64   1              SCL = 1;
  65   1              nops();
  66   1              if(SDA)    
  67   1              {   
  68   2                      SCL = 0;
  69   2                      IIC_Stop();
  70   2                      return 0;
  71   2              }
  72   1              else  
  73   1              { 
  74   2                      SCL = 0;
  75   2                      return 1;
  76   2              }
  77   1      }
  78          
  79          //通过I2C总线发送数据
  80          void IIC_SendByte(unsigned char byt)
  81          {
  82   1              unsigned char i;
  83   1              for(i=0;i<8;i++)
  84   1              {   
  85   2                      if(byt&0x80) 
  86   2                      {       
  87   3                              SDA = 1;
  88   3                      }
  89   2                      else 
  90   2                      {
  91   3                              SDA = 0;
  92   3                      }
  93   2                      nops();
  94   2                      SCL = 1;
  95   2                      byt <<= 1;
  96   2                      nops();
  97   2                      SCL = 0;
  98   2              }
  99   1      }
 100          
 101          //从I2C总线上接收数据
 102          unsigned char IIC_RecByte(void)
 103          {
 104   1              unsigned char da;
 105   1              unsigned char i;
 106   1              
 107   1              for(i=0;i<8;i++)
 108   1              {   
 109   2                      SCL = 1;
 110   2                      nops();
 111   2                      da <<= 1;
 112   2                      if(SDA) 
 113   2                      da |= 0x01;
 114   2                      SCL = 0;
 115   2                      nops();
 116   2              }
 117   1              return da;
C51 COMPILER V9.01   IIC                                                                   03/29/2018 16:25:37 PAGE 3   

 118   1      }
 119          
 120          void ADC_Init()
 121          {
 122   1              IIC_Start();
 123   1              IIC_SendByte(0x90);
 124   1              IIC_WaitAck();
 125   1              IIC_SendByte(0x03);
 126   1              IIC_WaitAck();
 127   1              IIC_Stop();
 128   1      
 129   1      }
 130          
 131          uchar Read_ADC()
 132          {
 133   1              uchar temp;
 134   1              IIC_Start();
 135   1              IIC_SendByte(0x91);
 136   1              IIC_WaitAck();
 137   1              temp = IIC_RecByte();
 138   1              IIC_Ack(0);
 139   1              IIC_Stop();
 140   1              return temp;
 141   1      }
 142          
 143          void Write_Eeprom(uchar add, uchar val)
 144          {
 145   1              IIC_Start();
 146   1              IIC_SendByte(0xa0);
 147   1              IIC_WaitAck();  
 148   1              IIC_SendByte(add);
 149   1              IIC_WaitAck();  
 150   1              IIC_SendByte(val);
 151   1              IIC_WaitAck();  
 152   1              IIC_Stop();
 153   1      
 154   1      }
 155          
 156          uchar Read_Eeprom(uchar add)
 157          {
 158   1              uchar temp;
 159   1              IIC_Start();
 160   1              IIC_SendByte(0xa0);
 161   1              IIC_WaitAck();  
 162   1              IIC_SendByte(add);
 163   1              IIC_WaitAck();  
 164   1      
 165   1              IIC_Start();
 166   1              IIC_SendByte(0xa1);
 167   1              IIC_WaitAck();
 168   1      
 169   1              temp = IIC_RecByte();
 170   1              IIC_Ack(0);
 171   1              IIC_Stop();
 172   1      
 173   1              return temp;
 174   1      }
 175          


MODULE INFORMATION:   STATIC OVERLAYABLE
   CODE SIZE        =    263    ----
C51 COMPILER V9.01   IIC                                                                   03/29/2018 16:25:37 PAGE 4   

   CONSTANT SIZE    =   ----    ----
   XDATA SIZE       =   ----    ----
   PDATA SIZE       =   ----    ----
   DATA SIZE        =   ----    ----
   IDATA SIZE       =   ----    ----
   BIT SIZE         =   ----    ----
END OF MODULE INFORMATION.


C51 COMPILATION COMPLETE.  0 WARNING(S),  0 ERROR(S)
