C51 COMPILER V9.01   KEY                                                                   03/29/2018 16:20:51 PAGE 1   


C51 COMPILER V9.01, COMPILATION OF MODULE KEY
OBJECT MODULE PLACED IN key.OBJ
COMPILER INVOKED BY: C:\Keil\C51\BIN\C51.EXE key.c BROWSE DEBUG OBJECTEXTEND

line level    source

   1          #include "key.h"
   2          
   3          void Delay4ms()         //@11.0592MHz
   4          {
   5   1              unsigned char i, j;
   6   1      
   7   1              _nop_();
   8   1              i = 44;
   9   1              j = 4;
  10   1              do
  11   1              {
  12   2                      while (--j);
  13   2              } while (--i);
  14   1      }
  15          
  16          
  17          uchar Read_Key()
  18          {
  19   1              uchar temp, val = 0xff;
  20   1              temp = P3 & 0x0f;
  21   1              if(temp != 0x0f)
  22   1              {
  23   2                      Delay4ms();
  24   2                      temp = P3 & 0x0f;
  25   2                      if(temp != 0x0f)
  26   2                      {
  27   3                              switch(temp)
  28   3                              {
  29   4                                      case 0x0e: val = 1; break;
  30   4                                      case 0x0d: val = 2; break;
  31   4                                      case 0x0b: val = 3; break;
  32   4                                      case 0x07: val = 4; break;
  33   4                              }
  34   3                      }
  35   2              }
  36   1      
  37   1              temp = P3 & 0x0f;
  38   1              while(temp != 0x0f)
  39   1              {
  40   2                      Delay4ms();
  41   2                      temp = P3 & 0x0f;
  42   2              }
  43   1      
  44   1              return val;
  45   1      }


MODULE INFORMATION:   STATIC OVERLAYABLE
   CODE SIZE        =     83    ----
   CONSTANT SIZE    =   ----    ----
   XDATA SIZE       =   ----    ----
   PDATA SIZE       =   ----    ----
   DATA SIZE        =   ----    ----
   IDATA SIZE       =   ----    ----
   BIT SIZE         =   ----    ----
C51 COMPILER V9.01   KEY                                                                   03/29/2018 16:20:51 PAGE 2   

END OF MODULE INFORMATION.


C51 COMPILATION COMPLETE.  0 WARNING(S),  0 ERROR(S)
