C51 COMPILER V9.01   TIMER                                                                 03/29/2018 15:53:02 PAGE 1   


C51 COMPILER V9.01, COMPILATION OF MODULE TIMER
OBJECT MODULE PLACED IN timer.OBJ
COMPILER INVOKED BY: C:\Keil\C51\BIN\C51.EXE timer.c BROWSE DEBUG OBJECTEXTEND

line level    source

   1          #include "timer.h"
   2          #include "dig.h"
   3          
   4          extern bit led_flag, module_flag, adc_flag;
   5          
   6          void Timer2Init(void)           //1毫秒@11.0592MHz
   7          {
   8   1              AUXR |= 0x04;           //定时器时钟1T模式
   9   1              T2L = 0xCD;             //设置定时初值
  10   1              T2H = 0xD4;             //设置定时初值
  11   1              AUXR |= 0x10;           //定时器2开始计时
  12   1              IE2 |= 0x04;
  13   1      }
  14          
  15          void Timer2_ISR() interrupt 12
  16          {
  17   1              static uint i = 0, j = 0, k = 0;
  18   1              i++;
  19   1              j++;
  20   1              k++;
  21   1              if(i >= 200)
  22   1              {
  23   2                      i = 0;
  24   2                      led_flag = 1;
  25   2              }
  26   1              if(j >= 153)
  27   1              {
  28   2                      j = 0;
  29   2                      adc_flag = 1;
  30   2              }
  31   1              if(k >= 257)
  32   1              {
  33   2                      k = 0;
  34   2                      module_flag = 1;
  35   2              }
  36   1              display();
  37   1      }


MODULE INFORMATION:   STATIC OVERLAYABLE
   CODE SIZE        =    156    ----
   CONSTANT SIZE    =   ----    ----
   XDATA SIZE       =   ----    ----
   PDATA SIZE       =   ----    ----
   DATA SIZE        =      6    ----
   IDATA SIZE       =   ----    ----
   BIT SIZE         =   ----    ----
END OF MODULE INFORMATION.


C51 COMPILATION COMPLETE.  0 WARNING(S),  0 ERROR(S)
