C51 COMPILER V9.01   DIG                                                                   03/28/2018 16:03:47 PAGE 1   


C51 COMPILER V9.01, COMPILATION OF MODULE DIG
OBJECT MODULE PLACED IN dig.OBJ
COMPILER INVOKED BY: C:\Keil\C51\BIN\C51.EXE dig.c BROWSE DEBUG OBJECTEXTEND

line level    source

   1          #include "dig.h"
   2          
   3          uchar code DIG_CODE[] = {0xc0, 0xf9, 0xa4, 0xb0, 0x99, 0x92, 0x82, 0xf8, 0x80, 0x90};
   4          uchar dis_code[8], dis_flag = 0;
   5          
   6          extern bit play_flag;
   7          extern uchar temper, level, set_temp[4], set_flag, Key;
   8          void set()
   9          {
  10   1              if(play_flag == 0)
  11   1              {
  12   2                      dis_code[0] = 0xbf;     
  13   2                      dis_code[1] = DIG_CODE[level];  
  14   2                      dis_code[2] = 0xbf;     
  15   2                      dis_code[3] = 0xff;     
  16   2                      dis_code[4] = 0xff;     
  17   2                      dis_code[5] = 0xff;     
  18   2                      dis_code[6] = DIG_CODE[temper / 10];    
  19   2                      dis_code[7] = DIG_CODE[temper % 10];    
  20   2              }
  21   1              else if(play_flag == 1)
  22   1              {
  23   2                      dis_code[0] = 0xbf;     
  24   2                      dis_code[3] = 0xff;     
  25   2                      dis_code[4] = 0xff;
  26   2                      dis_code[5] = 0xbf;
  27   2                      
  28   2                      if(set_flag == 0)
  29   2                      {        
  30   3                              dis_code[1] = 0xff;
  31   3                              dis_code[2] = 0xff;
  32   3                              dis_code[6] = 0xff;
  33   3                              dis_code[7] = 0xff;
  34   3      
  35   3                      }
  36   2                      else if(set_flag == 1)
  37   2                      {
  38   3                              dis_code[1] = DIG_CODE[set_temp[0]];
  39   3                      }
  40   2                      else if(set_flag == 2)
  41   2                      {
  42   3                               dis_code[1] = DIG_CODE[set_temp[0]];
  43   3                               dis_code[2] = DIG_CODE[set_temp[1]];
  44   3                      }
  45   2                      else if(set_flag == 3)
  46   2                      {
  47   3                               dis_code[1] = DIG_CODE[set_temp[0]];
  48   3                               dis_code[2] = DIG_CODE[set_temp[1]];
  49   3                               dis_code[6] = DIG_CODE[set_temp[2]];
  50   3                      }
  51   2                      else if(set_flag >= 4)
  52   2                      {
  53   3                               dis_code[1] = DIG_CODE[set_temp[0]];
  54   3                               dis_code[2] = DIG_CODE[set_temp[1]];
  55   3                               dis_code[6] = DIG_CODE[set_temp[2]];
C51 COMPILER V9.01   DIG                                                                   03/28/2018 16:03:47 PAGE 2   

  56   3                               dis_code[7] = DIG_CODE[set_temp[3]];
  57   3                      }
  58   2              }
  59   1      }
  60          
  61          void display()
  62          {
  63   1              set();
  64   1      
  65   1              P2 = P2 & 0x0f | 0xe0;
  66   1              P0 = 0xff;
  67   1              P2 &= 0x0f;
  68   1              P2 = P2 & 0x0f | 0xc0;
  69   1              P0 = 0x01 << dis_flag;
  70   1              P2 &= 0x0f;
  71   1              P2 = P2 & 0x0f | 0xe0;
  72   1              P0 = dis_code[dis_flag];
  73   1              P2 &= 0x0f;
  74   1      
  75   1              if(++dis_flag == 8)
  76   1                      dis_flag = 0;
  77   1      }


MODULE INFORMATION:   STATIC OVERLAYABLE
   CODE SIZE        =    238    ----
   CONSTANT SIZE    =     10    ----
   XDATA SIZE       =   ----    ----
   PDATA SIZE       =   ----    ----
   DATA SIZE        =      9    ----
   IDATA SIZE       =   ----    ----
   BIT SIZE         =   ----    ----
END OF MODULE INFORMATION.


C51 COMPILATION COMPLETE.  0 WARNING(S),  0 ERROR(S)
