C51 COMPILER V9.01   MAIN                                                                  03/28/2018 16:03:47 PAGE 1   


C51 COMPILER V9.01, COMPILATION OF MODULE MAIN
OBJECT MODULE PLACED IN main.OBJ
COMPILER INVOKED BY: C:\Keil\C51\BIN\C51.EXE main.c BROWSE DEBUG OBJECTEXTEND

line level    source

   1          #include "module.h"
   2          #include "onewire.h"
   3          #include "timer.h"
   4          #include "dig.h"
   5          #include "kbd.h"
   6          uchar t_max = 30, t_min = 20;
   7          uchar temper, level = 1, set_temp[4] = {0, 0, 0, 0}, set_flag = 0;
   8          bit temp_flag = 0, play_flag = 0, led_flag = 0, setting = 0;
   9          void main()
  10          {
  11   1              uchar temp;
  12   1              led_on(~0x00);
  13   1              relay_on(0x00);
  14   1              Timer2Init();
  15   1              Timer0Init();
  16   1              EA = 1;
  17   1              while(1)
  18   1              {
  19   2      
  20   2                      temp = Read_KBD();
  21   2                      if(temp!= 0xff)
  22   2                      {
  23   3                              switch(temp)
  24   3                              {
  25   4                                      case 13:
  26   4                                              if(play_flag == 0)
  27   4                                              {
  28   5                                                      play_flag = 1;
  29   5                                                      setting = 1;
  30   5                                              }
  31   4                                              else if(play_flag == 1)
  32   4                                              {
  33   5                                                      if((set_temp[0] == 0) && (set_temp[1] == 0) && (set_temp[2] == 0) && (set_temp[3] == 0)); 
  34   5                                                      else
  35   5                                                      {
  36   6                                                              t_max = set_temp[0] * 10 + set_temp[1];
  37   6                                                              t_min = set_temp[2] * 10 + set_temp[3];
  38   6                                                      }
  39   5                                                      set_temp[0] = 0;
  40   5                                                      set_temp[1] = 0;
  41   5                                                      set_temp[2] = 0;
  42   5                                                      set_temp[3] = 0;
  43   5                                                      set_flag = 0;
  44   5                                                      play_flag = 0;
  45   5                                                      setting = 0;
  46   5                                              }
  47   4                                      break;
  48   4                                      case 14:
  49   4                                              if(play_flag == 1)
  50   4                                              {
  51   5                                                      set_temp[0] = 0;
  52   5                                                      set_temp[1] = 0;
  53   5                                                      set_temp[2] = 0;
  54   5                                                      set_temp[3] = 0;
  55   5                                                      set_flag = 0;
C51 COMPILER V9.01   MAIN                                                                  03/28/2018 16:03:47 PAGE 2   

  56   5                                              }
  57   4                                      break;
  58   4              
  59   4                                      case 0:case 1:case 2:     
  60   4                                              set_flag++;
  61   4                                              if( (set_flag<5) && (play_flag == 1))
  62   4                                              { 
  63   5                                                      set_temp[set_flag - 1] = temp;
  64   5                                              } 
  65   4                                      break;
  66   4                                      case 4:case 5:case 6: 
  67   4                                              set_flag++;
  68   4                                              if( (set_flag<5) && (play_flag == 1))
  69   4                                              { 
  70   5                                                      set_temp[set_flag - 1] = temp - 1;
  71   5                                              } 
  72   4                                      break;
  73   4                                      case 8:case 9:case 10: 
  74   4                                              set_flag++;
  75   4                                              if( (set_flag<5) && (play_flag == 1))
  76   4                                              { 
  77   5                                                      set_temp[set_flag - 1] = temp - 2;
  78   5                                              } 
  79   4                                      break; 
  80   4                                      case 12: 
  81   4                                              set_flag++;
  82   4                                              if( (set_flag<5) && (play_flag == 1))
  83   4                                              { 
  84   5                                                      set_temp[set_flag - 1] = 9;
  85   5                                              } 
  86   4                                      break;
  87   4              
  88   4                                      default:break;
  89   4                              }
  90   3                      }
  91   2                      if(temp_flag == 1)
  92   2                      {
  93   3                              temp_flag = 0;
  94   3                              temper = Read_Temp();
  95   3                              if(temper < t_min)
  96   3                                      level = 0;
  97   3                              else if(temper > t_max)
  98   3                                      level = 2;
  99   3                              else 
 100   3                                      level = 1;
 101   3                      }
 102   2      
 103   2                      if(led_flag == 1)
 104   2                      {
 105   3                              led_flag = 0;
 106   3                              if(t_max < t_min)
 107   3                              {
 108   4                                      led_on(~0x02);
 109   4                                      TR0 = 0;
 110   4                              }
 111   3                              else if(setting == 0)
 112   3                              {
 113   4                                      TR0 = 1;
 114   4                                      if(level == 2)
 115   4                                              relay_on(0x10);
 116   4                                      else
 117   4                                              relay_on(0x00);
C51 COMPILER V9.01   MAIN                                                                  03/28/2018 16:03:47 PAGE 3   

 118   4                              }
 119   3                              else
 120   3                              {
 121   4                                      TR0 = 0;
 122   4                                      led_on(~0x00);
 123   4                              }
 124   3                              
 125   3                      }
 126   2      
 127   2              }
 128   1      }


MODULE INFORMATION:   STATIC OVERLAYABLE
   CODE SIZE        =    346    ----
   CONSTANT SIZE    =   ----    ----
   XDATA SIZE       =   ----    ----
   PDATA SIZE       =   ----    ----
   DATA SIZE        =      9    ----
   IDATA SIZE       =   ----    ----
   BIT SIZE         =      4    ----
END OF MODULE INFORMATION.


C51 COMPILATION COMPLETE.  0 WARNING(S),  0 ERROR(S)
