C51 COMPILER V9.01   MODULE                                                                03/28/2018 16:03:47 PAGE 1   


C51 COMPILER V9.01, COMPILATION OF MODULE MODULE
OBJECT MODULE PLACED IN module.OBJ
COMPILER INVOKED BY: C:\Keil\C51\BIN\C51.EXE module.c BROWSE DEBUG OBJECTEXTEND

line level    source

   1          #include "module.h"
   2          
   3          
   4          void led_on(uchar led)
   5          {
   6   1              P2 = P2 & 0x0f | 0x80;
   7   1              P0 = led;
   8   1              P2 &= 0x0f;
   9   1      }
  10          
  11          void relay_on(uchar val)
  12          {
  13   1              P2 = P2 & 0x0f | 0xa0;
  14   1              P0 = val;
  15   1              P2 &= 0x0f;     
  16   1      }


MODULE INFORMATION:   STATIC OVERLAYABLE
   CODE SIZE        =     28    ----
   CONSTANT SIZE    =   ----    ----
   XDATA SIZE       =   ----    ----
   PDATA SIZE       =   ----    ----
   DATA SIZE        =   ----    ----
   IDATA SIZE       =   ----    ----
   BIT SIZE         =   ----    ----
END OF MODULE INFORMATION.


C51 COMPILATION COMPLETE.  0 WARNING(S),  0 ERROR(S)
