C51 COMPILER V9.01   TIMER                                                                 03/28/2018 16:03:47 PAGE 1   


C51 COMPILER V9.01, COMPILATION OF MODULE TIMER
OBJECT MODULE PLACED IN timer.OBJ
COMPILER INVOKED BY: C:\Keil\C51\BIN\C51.EXE timer.c BROWSE DEBUG OBJECTEXTEND

line level    source

   1          #include "timer.h"
   2          #include "dig.h"
   3          #include "module.h"
   4          extern bit temp_flag, led_flag ;
   5          extern uchar level;
   6          void Timer2Init(void)           //1毫秒@11.0592MHz
   7          {
   8   1              AUXR |= 0x04;           //定时器时钟1T模式
   9   1              T2L = 0xCD;             //设置定时初值
  10   1              T2H = 0xD4;             //设置定时初值
  11   1              AUXR |= 0x10;           //定时器2开始计时
  12   1      
  13   1              IE2 |= 0x04;
  14   1      }
  15          void Timer0Init(void)           //20毫秒@11.0592MHz
  16          {
  17   1              AUXR &= 0x7F;           //定时器时钟12T模式
  18   1              TMOD &= 0xF0;           //设置定时器模式
  19   1              TL0 = 0x00;             //设置定时初值
  20   1              TH0 = 0xB8;             //设置定时初值
  21   1              TF0 = 0;                //清除TF0标志
  22   1              TR0 = 0;                //定时器0开始计时
  23   1      
  24   1              ET0 = 1;
  25   1      }
  26          
  27          
  28          void Timer0_ISR() interrupt 1
  29          {
  30   1              static uint t_1ms = 0;
  31   1              t_1ms++;
  32   1      
  33   1              if(level == 0)
  34   1              {
  35   2                      if(t_1ms < 40)
  36   2                              led_on(~0x01);
  37   2                      else if(t_1ms < 79)
  38   2                              led_on(~0x00);
  39   2                      else
  40   2                      {
  41   3                              led_on(~0x01);
  42   3                              t_1ms = 0;
  43   3                      }
  44   2              }
  45   1              else if(level == 1)
  46   1              {
  47   2                      if(t_1ms < 20)
  48   2                              led_on(~0x01);
  49   2                      else if(t_1ms < 39)
  50   2                              led_on(~0x00);
  51   2                      else
  52   2                      {
  53   3                              led_on(~0x01);
  54   3                              t_1ms = 0;
  55   3                      }
C51 COMPILER V9.01   TIMER                                                                 03/28/2018 16:03:47 PAGE 2   

  56   2              }
  57   1              else if(level == 2)
  58   1              {
  59   2                      if(t_1ms < 10)
  60   2                              led_on(~0x01);
  61   2                      else if(t_1ms < 19)
  62   2                              led_on(~0x00);
  63   2                      else
  64   2                      {
  65   3                              led_on(~0x01);
  66   3                              t_1ms = 0;
  67   3                      }
  68   2              }
  69   1      
  70   1      }
  71          
  72          
  73          void Timer2_ISR() interrupt 12
  74          {
  75   1              static uint i, j;
  76   1              i++;
  77   1              j++;
  78   1              if(i >= 371)
  79   1              {
  80   2                      i = 0;
  81   2                      temp_flag = 1;
  82   2              }
  83   1              if(j >= 453)
  84   1              {
  85   2                      j = 0;
  86   2                      led_flag = 1;
  87   2              }
  88   1              display();
  89   1      }
  90          


MODULE INFORMATION:   STATIC OVERLAYABLE
   CODE SIZE        =    325    ----
   CONSTANT SIZE    =   ----    ----
   XDATA SIZE       =   ----    ----
   PDATA SIZE       =   ----    ----
   DATA SIZE        =      6    ----
   IDATA SIZE       =   ----    ----
   BIT SIZE         =   ----    ----
END OF MODULE INFORMATION.


C51 COMPILATION COMPLETE.  0 WARNING(S),  0 ERROR(S)
