C51 COMPILER V9.01   DIG                                                                   05/19/2018 22:55:11 PAGE 1   


C51 COMPILER V9.01, COMPILATION OF MODULE DIG
OBJECT MODULE PLACED IN dig.OBJ
COMPILER INVOKED BY: C:\Keil\C51\BIN\C51.EXE dig.c BROWSE DEBUG OBJECTEXTEND

line level    source

   1          #include "dig.h"
   2          
   3          uchar code DIG_CODE[] = {0xc0, 0xf9, 0xa4, 0xb0, 0x99, 0x92, 0x82, 0xf8, 0x80, 0x90};
   4          uchar dis_code[8], dis_flag = 0;
   5          extern uint ADC_val, k;
   6          extern uchar mode, distance, type, start_time, time_1, time_2, set_flag;
   7          extern bit start, sett;
   8          void set()
   9          {
  10   1              if((mode == 0) && (!start) && (!sett))
  11   1              {
  12   2                      dis_code[0] = 0xff;
  13   2                      dis_code[1] = 0xff;
  14   2                      dis_code[2] = 0xff;
  15   2                      dis_code[3] = 0xff;                  
  16   2                      dis_code[4] = 0xff;
  17   2                      dis_code[5] = 0xff;
  18   2                      dis_code[6] = 0xff;
  19   2                      dis_code[7] = 0xff;
  20   2              }
  21   1              else if((mode == 1) && (!start) && (!sett))
  22   1              {
  23   2                      dis_code[0] = 0xf9;
  24   2                      dis_code[1] = 0xff;
  25   2                      dis_code[2] = DIG_CODE[distance / 10];
  26   2                      dis_code[3] = DIG_CODE[distance % 10];
  27   2                      dis_code[4] = 0xff;
  28   2                      dis_code[5] = 0xff;
  29   2                      dis_code[6] = 0xff;
  30   2                      dis_code[7] = DIG_CODE[type];
  31   2              }
  32   1              else if(start)
  33   1              {
  34   2                      dis_code[0] = 0xa4;
  35   2                      dis_code[1] = 0xff;
  36   2                      dis_code[2] = 0xff;
  37   2                      dis_code[3] = 0xff;
  38   2                      dis_code[4] = 0xff;
  39   2                      dis_code[5] = 0xff;
  40   2                      dis_code[6] = DIG_CODE[start_time / 10];
  41   2                      dis_code[7] = DIG_CODE[start_time % 10];                
  42   2              }
  43   1              else if(sett)
  44   1              {
  45   2                      dis_code[0] = 0xb0;
  46   2                      dis_code[1] = 0xff;
  47   2                      dis_code[2] = 0xff;
  48   2                      dis_code[3] = DIG_CODE[time_1 / 10];
  49   2                      dis_code[4] = DIG_CODE[time_1 % 10];
  50   2                      dis_code[5] = 0xff;
  51   2                      dis_code[6] = DIG_CODE[time_2 / 10];
  52   2                      dis_code[7] = DIG_CODE[time_2 % 10];
  53   2                      
  54   2                      if(k<250)
  55   2                      {
C51 COMPILER V9.01   DIG                                                                   05/19/2018 22:55:11 PAGE 2   

  56   3                              if(set_flag == 1)
  57   3                              {
  58   4                                      dis_code[3] = 0xff;
  59   4                                      dis_code[4]     = 0xff;
  60   4                              }
  61   3                              else 
  62   3                              if(set_flag == 2)
  63   3                              {
  64   4                                      dis_code[6] = 0xff;
  65   4                                      dis_code[7]     = 0xff;
  66   4                              }
  67   3                      }       
  68   2              }
  69   1      
  70   1               
  71   1      }
  72          
  73          void display()
  74          {
  75   1              set();
  76   1              P2 = P2 & 0x1f | 0xe0;
  77   1              P0 = 0xff;
  78   1              P2 &= 0x1f;
  79   1              P2 = P2 & 0x1f | 0xc0;
  80   1              P0 = 0x01<<dis_flag;
  81   1              P2 &= 0x1f;
  82   1              P2 = P2 & 0x1f | 0xe0;
  83   1              P0 = dis_code[dis_flag];
  84   1              P2 &= 0x1f;
  85   1      
  86   1              if(++dis_flag == 8)
  87   1                      dis_flag = 0;
  88   1      }


MODULE INFORMATION:   STATIC OVERLAYABLE
   CODE SIZE        =    296    ----
   CONSTANT SIZE    =     10    ----
   XDATA SIZE       =   ----    ----
   PDATA SIZE       =   ----    ----
   DATA SIZE        =      9    ----
   IDATA SIZE       =   ----    ----
   BIT SIZE         =   ----    ----
END OF MODULE INFORMATION.


C51 COMPILATION COMPLETE.  0 WARNING(S),  0 ERROR(S)
