C51 COMPILER V9.01   IIC                                                                   05/19/2018 22:59:32 PAGE 1   


C51 COMPILER V9.01, COMPILATION OF MODULE IIC
OBJECT MODULE PLACED IN iic.OBJ
COMPILER INVOKED BY: C:\Keil\C51\BIN\C51.EXE iic.c BROWSE DEBUG OBJECTEXTEND

line level    source

   1          /*
   2            程序说明: IIC总线驱动程序
   3            软件环境: Keil uVision 4.10 
   4            硬件环境: CT107单片机综合实训平台(12MHz)
   5            日    期: 2011-8-9
   6          */
   7          
   8          #include "iic.h"
   9          
  10          void nops()
  11          {
  12   1              uchar i = 5;
  13   1              do
  14   1              {
  15   2                      _nop_();_nop_();_nop_();_nop_();_nop_();
  16   2                      _nop_();_nop_();_nop_();_nop_();_nop_();
  17   2                      _nop_();_nop_();_nop_();_nop_();_nop_();
  18   2              }while(i--);
  19   1      }
  20          
  21          //总线启动条件
  22          void IIC_Start(void)
  23          {
  24   1              SDA = 1;
  25   1              SCL = 1;
  26   1              nops();
  27   1              SDA = 0;
  28   1              nops();
  29   1              SCL = 0;        
  30   1      }
  31          
  32          //总线停止条件
  33          void IIC_Stop(void)
  34          {
  35   1              SDA = 0;
  36   1              SCL = 1;
  37   1              nops();
  38   1              SDA = 1;
  39   1      }
  40          
  41          //应答位控制
  42          void IIC_Ack(unsigned char ackbit)
  43          {
  44   1              if(ackbit) 
  45   1              {       
  46   2                      SDA = 0;
  47   2              }
  48   1              else 
  49   1              {
  50   2                      SDA = 1;
  51   2              }
  52   1              nops();
  53   1              SCL = 1;
  54   1              nops();
  55   1              SCL = 0;
C51 COMPILER V9.01   IIC                                                                   05/19/2018 22:59:32 PAGE 2   

  56   1              SDA = 1; 
  57   1              nops();
  58   1      }
  59          
  60          //等待应答
  61          bit IIC_WaitAck(void)
  62          {
  63   1              SDA = 1;
  64   1              nops();
  65   1              SCL = 1;
  66   1              nops();
  67   1              if(SDA)    
  68   1              {   
  69   2                      SCL = 0;
  70   2                      IIC_Stop();
  71   2                      return 0;
  72   2              }
  73   1              else  
  74   1              { 
  75   2                      SCL = 0;
  76   2                      return 1;
  77   2              }
  78   1      }
  79          
  80          //通过I2C总线发送数据
  81          void IIC_SendByte(unsigned char byt)
  82          {
  83   1              unsigned char i;
  84   1              for(i=0;i<8;i++)
  85   1              {   
  86   2                      if(byt&0x80) 
  87   2                      {       
  88   3                              SDA = 1;
  89   3                      }
  90   2                      else 
  91   2                      {
  92   3                              SDA = 0;
  93   3                      }
  94   2                      nops();
  95   2                      SCL = 1;
  96   2                      byt <<= 1;
  97   2                      nops();
  98   2                      SCL = 0;
  99   2              }
 100   1      }
 101          
 102          //从I2C总线上接收数据
 103          unsigned char IIC_RecByte(void)
 104          {
 105   1              unsigned char da;
 106   1              unsigned char i;
 107   1              
 108   1              for(i=0;i<8;i++)
 109   1              {   
 110   2                      SCL = 1;
 111   2                      nops();
 112   2                      da <<= 1;
 113   2                      if(SDA) 
 114   2                      da |= 0x01;
 115   2                      SCL = 0;
 116   2                      nops();
 117   2              }
C51 COMPILER V9.01   IIC                                                                   05/19/2018 22:59:32 PAGE 3   

 118   1              return da;
 119   1      }
 120          void ADC_Init()
 121          {
 122   1              IIC_Start();
 123   1              IIC_SendByte(0x90);
 124   1              IIC_WaitAck();
 125   1              IIC_SendByte(0x03);
 126   1              IIC_WaitAck();  
 127   1              IIC_Stop();
 128   1      }
 129          
 130          uint Read_ADC()
 131          {
 132   1              uchar temp;
 133   1              uint val;
 134   1              IIC_Start();
 135   1              IIC_SendByte(0x91);
 136   1              IIC_WaitAck();
 137   1              temp = IIC_RecByte();
 138   1              IIC_Ack(0);
 139   1              IIC_Stop();
 140   1              val = temp * 5000.0 / 255.0;
 141   1              return val;
 142   1      }
 143          void Delay10ms()                //@11.0592MHz
 144          {
 145   1              unsigned char i, j;
 146   1      
 147   1              i = 108;
 148   1              j = 145;
 149   1              do
 150   1              {
 151   2                      while (--j);
 152   2              } while (--i);
 153   1      }
 154          void Write_eeprom(uchar add, uchar val)
 155          {
 156   1              IIC_Start();
 157   1              IIC_SendByte(0xa0);
 158   1              IIC_WaitAck();
 159   1              IIC_SendByte(add);
 160   1              IIC_WaitAck();
 161   1              IIC_SendByte(val);
 162   1              IIC_WaitAck();
 163   1              IIC_Stop();
 164   1              Delay10ms();
 165   1      }
 166          
 167          uchar Read_eeprom(uchar add)
 168          {
 169   1              uchar temp;
 170   1              IIC_Start();     
 171   1              IIC_SendByte(0xa0);
 172   1              IIC_WaitAck();
 173   1              IIC_SendByte(add);
 174   1              IIC_WaitAck();
 175   1      
 176   1              IIC_Start();
 177   1              IIC_SendByte(0xa1);
 178   1              IIC_WaitAck();
 179   1              temp = IIC_RecByte();
C51 COMPILER V9.01   IIC                                                                   05/19/2018 22:59:32 PAGE 4   

 180   1              IIC_Ack(0);
 181   1              IIC_Stop();
 182   1              Delay10ms();
 183   1              return temp;
 184   1      }


MODULE INFORMATION:   STATIC OVERLAYABLE
   CODE SIZE        =    308    ----
   CONSTANT SIZE    =   ----    ----
   XDATA SIZE       =   ----    ----
   PDATA SIZE       =   ----    ----
   DATA SIZE        =   ----    ----
   IDATA SIZE       =   ----    ----
   BIT SIZE         =   ----    ----
END OF MODULE INFORMATION.


C51 COMPILATION COMPLETE.  0 WARNING(S),  0 ERROR(S)
