C51 COMPILER V9.01   KEY                                                                   05/19/2018 22:26:24 PAGE 1   


C51 COMPILER V9.01, COMPILATION OF MODULE KEY
OBJECT MODULE PLACED IN key.OBJ
COMPILER INVOKED BY: C:\Keil\C51\BIN\C51.EXE key.c BROWSE DEBUG OBJECTEXTEND

line level    source

   1          #include "key.h"
   2          
   3          uint key_pre = 0;
   4          uchar key_re = 0, key_val = 0xff;
   5          
   6          uchar Read_Key()
   7          {
   8   1              uchar temp;
   9   1              temp = P3 & 0x0f;
  10   1      
  11   1              if(temp != 0x0f)
  12   1              {
  13   2                      key_pre++;
  14   2              }
  15   1              else
  16   1                      key_pre = 0;
  17   1      
  18   1              if(key_pre >= 1000)
  19   1              {
  20   2                      key_pre = 0;
  21   2                      key_re = 1;
  22   2      
  23   2                      temp = P3 & 0x0f;
  24   2                      switch(temp)
  25   2                      {
  26   3                              case 0x0e: key_val = 1; break;
  27   3                              case 0x0d: key_val = 2; break;
  28   3                              case 0x0b: key_val = 3; break;
  29   3                              case 0x07: key_val = 4; break;
  30   3                      }
  31   2              }
  32   1      
  33   1              
  34   1              if((key_re == 1) && ((P3&0x0f)==0x0f))
  35   1              {
  36   2                      key_re = 0;
  37   2                      return key_val;
  38   2              }
  39   1              
  40   1              return 0x0f;
  41   1      
  42   1      }


MODULE INFORMATION:   STATIC OVERLAYABLE
   CODE SIZE        =    101    ----
   CONSTANT SIZE    =   ----    ----
   XDATA SIZE       =   ----    ----
   PDATA SIZE       =   ----    ----
   DATA SIZE        =      4    ----
   IDATA SIZE       =   ----    ----
   BIT SIZE         =   ----    ----
END OF MODULE INFORMATION.


C51 COMPILATION COMPLETE.  0 WARNING(S),  0 ERROR(S)
