C51 COMPILER V9.01   TIMER                                                                 05/19/2018 22:55:05 PAGE 1   


C51 COMPILER V9.01, COMPILATION OF MODULE TIMER
OBJECT MODULE PLACED IN timer.OBJ
COMPILER INVOKED BY: C:\Keil\C51\BIN\C51.EXE timer.c BROWSE DEBUG OBJECTEXTEND

line level    source

   1          #include "timer.h"
   2          #include "dig.h"
   3          
   4          uchar over = 0;
   5          uint k = 0;
   6          extern bit ADC_flag, MOD_flag, flash, ultra_flag;
   7          extern uchar led, mode, start_time, mod;
   8          extern bit start;
   9          void Timer2Init(void)           //1毫秒@11.0592MHz
  10          {
  11   1              AUXR |= 0x04;           //定时器时钟1T模式
  12   1              T2L = 0xCD;             //设置定时初值
  13   1              T2H = 0xD4;             //设置定时初值
  14   1              AUXR |= 0x10;           //定时器2开始计时
  15   1              IE2 |= 0x04;
  16   1              EA = 1;
  17   1      }
  18          void Timer1Init(void)           //1毫秒@11.0592MHz
  19          {
  20   1              AUXR &= 0xBF;           //定时器时钟12T模式
  21   1              TMOD &= 0x0F;           //设置定时器模式
  22   1              TL1 = 0;                //设置定时初值
  23   1              TH1 = 0;                //设置定时初值
  24   1              TF1 = 0;                //清除TF1标志
  25   1              TR1 = 0;                //定时器1开始计时
  26   1              ET1 = 1;
  27   1      }
  28          void Timer0Init(void)           //1毫秒@11.0592MHz
  29          {
  30   1              AUXR |= 0x80;           //定时器时钟1T模式
  31   1              TMOD &= 0xF0;           //设置定时器模式
  32   1              TL0 = 0xCD;             //设置定时初值
  33   1              TH0 = 0xD4;             //设置定时初值
  34   1              TF0 = 0;                //清除TF0标志
  35   1              TR0 = 0;                //定时器0开始计时
  36   1              ET0 = 1;
  37   1      }
  38          void Timer0_ISR() interrupt 1
  39          {
  40   1              static uint start_i = 0;
  41   1              if(start)
  42   1              {
  43   2                      start_i++;
  44   2              }
  45   1      
  46   1              if(start_i>=999)
  47   1              {
  48   2                      start_time--;
  49   2                      if(start_time == 0)
  50   2                      {
  51   3                              TR0 = 0;
  52   3                              start = 0;
  53   3                              mod = mod & 0xef;
  54   3                      }
  55   2                      start_i = 0;
C51 COMPILER V9.01   TIMER                                                                 05/19/2018 22:55:05 PAGE 2   

  56   2              }
  57   1      }
  58          void Tiner1_ISR() interrupt 3
  59          {
  60   1              over++;
  61   1      }
  62          
  63          void Timer2_ISR() interrupt 12
  64          {
  65   1              static uint i = 0, j = 0, flash_i = 0, ultra_i = 0;
  66   1              k++;
  67   1              if(k>500)
  68   1                      k = 0;
  69   1              if(ADC_flag==0)
  70   1                      i++;
  71   1              if(MOD_flag==0)
  72   1                      j++;
  73   1              if(flash == 1)
  74   1              {
  75   2                      flash_i ++;
  76   2              }
  77   1              else if(flash==0)
  78   1              {       
  79   2                      flash_i = 0;
  80   2              }
  81   1              if(i>= 150)
  82   1              {
  83   2                      ADC_flag = 1;
  84   2                      i = 0;
  85   2              }
  86   1              if(j>= 200)
  87   1              {
  88   2                      MOD_flag = 1;
  89   2                      j = 0;
  90   2              }
  91   1      
  92   1              if(mode == 1)
  93   1              {
  94   2                      ultra_i++;
  95   2                      if(ultra_i>=200)
  96   2                      {
  97   3                              ultra_i = 0;
  98   3                              ultra_flag = 1;
  99   3                      }
 100   2              }
 101   1              else
 102   1              {
 103   2                      ultra_i = 0;
 104   2              }
 105   1              if(flash == 1)
 106   1              {
 107   2                      if(flash_i<=499)
 108   2                      {
 109   3                              if(mode == 2)
 110   3                                      led = led & 0xf8 | 0x04;
 111   3                              else if(mode == 3)
 112   3                                      led = led & 0xf7 | 0x08;
 113   3                      }
 114   2                      else if(flash_i < 999)
 115   2                      {
 116   3                              if(mode == 2)
 117   3                                      led = led & 0xf8;
C51 COMPILER V9.01   TIMER                                                                 05/19/2018 22:55:05 PAGE 3   

 118   3                              else
 119   3                                      led = led & 0xf7;
 120   3                      }
 121   2                      else
 122   2                      {
 123   3                              if(mode == 2)
 124   3                                      led = led & 0xf8;
 125   3                              else
 126   3                                      led = led & 0xf7;
 127   3                              flash_i = 0;
 128   3                      }
 129   2              }
 130   1              display();
 131   1      }


MODULE INFORMATION:   STATIC OVERLAYABLE
   CODE SIZE        =    397    ----
   CONSTANT SIZE    =   ----    ----
   XDATA SIZE       =   ----    ----
   PDATA SIZE       =   ----    ----
   DATA SIZE        =     13    ----
   IDATA SIZE       =   ----    ----
   BIT SIZE         =   ----    ----
END OF MODULE INFORMATION.


C51 COMPILATION COMPLETE.  0 WARNING(S),  0 ERROR(S)
