C51 COMPILER V9.01   ULTRA                                                                 05/19/2018 22:08:32 PAGE 1   


C51 COMPILER V9.01, COMPILATION OF MODULE ULTRA
OBJECT MODULE PLACED IN ultra.OBJ
COMPILER INVOKED BY: C:\Keil\C51\BIN\C51.EXE ultra.c BROWSE DEBUG OBJECTEXTEND

line level    source

   1          #include "ultra.h"
   2          
   3          sbit TX = P1^0;
   4          sbit RX = P1^1;
   5          
   6          extern uchar over, distance;
   7          void Delay10us()                //@11.0592MHz
   8          {
   9   1              unsigned char i;
  10   1      
  11   1              _nop_();
  12   1              i = 25;
  13   1              while (--i);
  14   1      }
  15          
  16          void send_wave()
  17          {
  18   1              uchar i = 8;
  19   1              do
  20   1              {
  21   2                      TX = 0;
  22   2                      Delay10us();
  23   2                      TX = 1;
  24   2                      Delay10us();
  25   2              }while(i--);
  26   1      }
  27          void Measure()
  28          {
  29   1              send_wave();
  30   1              TR1 = 1;
  31   1              while((RX==1) && (over<=2)); 
  32   1              TR1 = 0;
  33   1              if(over == 3)
  34   1              {
  35   2                      distance = 99;
  36   2              }       
  37   1              else
  38   1              {
  39   2                      distance = ((over << 16) | (TH1 << 8) | (TL1)) * 0.017;
  40   2                      if(distance>=99)
  41   2                              distance = 99;
  42   2              }
  43   1              TH1 = 0;
  44   1              TL1 = 0;
  45   1              over = 0;
  46   1      
  47   1      }


MODULE INFORMATION:   STATIC OVERLAYABLE
   CODE SIZE        =    120    ----
   CONSTANT SIZE    =   ----    ----
   XDATA SIZE       =   ----    ----
   PDATA SIZE       =   ----    ----
   DATA SIZE        =   ----    ----
C51 COMPILER V9.01   ULTRA                                                                 05/19/2018 22:08:32 PAGE 2   

   IDATA SIZE       =   ----    ----
   BIT SIZE         =   ----    ----
END OF MODULE INFORMATION.


C51 COMPILATION COMPLETE.  0 WARNING(S),  0 ERROR(S)
