C51 COMPILER V9.01   DIG                                                                   03/29/2018 22:20:46 PAGE 1   


C51 COMPILER V9.01, COMPILATION OF MODULE DIG
OBJECT MODULE PLACED IN dig.OBJ
COMPILER INVOKED BY: C:\Keil\C51\BIN\C51.EXE dig.c BROWSE DEBUG OBJECTEXTEND

line level    source

   1          #include "dig.h"
   2          
   3          uchar code DIG_CODE[] = {0xc0, 0xf9, 0xa4, 0xb0, 0x99, 0x92, 0x82, 0xf8, 0x80, 0x90};
   4          uchar dis_code[8], dis_flag = 0;
   5          
   6          extern uchar rate;
   7          extern uint price, volumn;
   8          extern bit start_flag;
   9          void set()
  10          {
  11   1              if(start_flag == 0)
  12   1              {
  13   2                      dis_code[0] = 0xff;
  14   2                      dis_code[1] = DIG_CODE[0] & 0x7f;
  15   2                      dis_code[2] = DIG_CODE[5];
  16   2                      dis_code[3] = DIG_CODE[0];
  17   2                      dis_code[4] = DIG_CODE[price / 1000];
  18   2                      dis_code[5] = DIG_CODE[price % 1000 / 100] & 0x7f;
  19   2                      dis_code[6] = DIG_CODE[price % 100 / 10];
  20   2                      dis_code[7] = DIG_CODE[price % 10];
  21   2              }
  22   1              else
  23   1              {
  24   2                      dis_code[0] = 0xff;
  25   2                      dis_code[1] = DIG_CODE[0] & 0x7f;
  26   2                      dis_code[2] = DIG_CODE[5];
  27   2                      dis_code[3] = DIG_CODE[0];
  28   2                      dis_code[4] = DIG_CODE[volumn / 1000];
  29   2                      dis_code[5] = DIG_CODE[volumn % 1000 / 100] & 0x7f;
  30   2                      dis_code[6] = DIG_CODE[volumn % 100 / 10];
  31   2                      dis_code[7] = DIG_CODE[volumn % 10];
  32   2              }
  33   1      }
  34          void display()
  35          {
  36   1              set();
  37   1      
  38   1              P2 = P2 & 0x0f | 0xe0;
  39   1              P0 = 0xff;
  40   1              P2 &= 0x0f;
  41   1              P2 = P2 & 0x0f | 0xc0;
  42   1              P0 = 0x01<<dis_flag;
  43   1              P2 &= 0x0f;
  44   1              P2 = P2 & 0x0f | 0xe0;
  45   1              P0 = dis_code[dis_flag];
  46   1              P2 &= 0x0f;
  47   1      
  48   1              if(++dis_flag == 8)
  49   1                      dis_flag = 0;
  50   1      
  51   1      }


MODULE INFORMATION:   STATIC OVERLAYABLE
   CODE SIZE        =    362    ----
C51 COMPILER V9.01   DIG                                                                   03/29/2018 22:20:46 PAGE 2   

   CONSTANT SIZE    =     10    ----
   XDATA SIZE       =   ----    ----
   PDATA SIZE       =   ----    ----
   DATA SIZE        =      9    ----
   IDATA SIZE       =   ----    ----
   BIT SIZE         =   ----    ----
END OF MODULE INFORMATION.


C51 COMPILATION COMPLETE.  0 WARNING(S),  0 ERROR(S)
