C51 COMPILER V9.01   IIC                                                                   03/29/2018 22:40:19 PAGE 1   


C51 COMPILER V9.01, COMPILATION OF MODULE IIC
OBJECT MODULE PLACED IN iic.OBJ
COMPILER INVOKED BY: C:\Keil\C51\BIN\C51.EXE iic.c BROWSE DEBUG OBJECTEXTEND

line level    source

   1          /*
   2            程序说明: IIC总线驱动程序
   3            软件环境: Keil uVision 4.10 
   4            硬件环境: CT107单片机综合实训平台(12MHz)
   5            日    期: 2011-8-9
   6          */
   7          
   8          #include "iic.h"
   9          
  10          void nops()
  11          {
  12   1              uchar i = 5;
  13   1              do
  14   1              {
  15   2                      _nop_();_nop_();_nop_();_nop_();_nop_();
  16   2                      _nop_();_nop_();_nop_();_nop_();_nop_();
  17   2                      _nop_();_nop_();_nop_();_nop_();_nop_();
  18   2              }while(i--);
  19   1      
  20   1      }
  21          //总线启动条件
  22          void IIC_Start(void)
  23          {
  24   1              SDA = 1;
  25   1              SCL = 1;
  26   1              nops();
  27   1              SDA = 0;
  28   1              nops();
  29   1              SCL = 0;        
  30   1      }
  31          
  32          //总线停止条件
  33          void IIC_Stop(void)
  34          {
  35   1              SDA = 0;
  36   1              SCL = 1;
  37   1              nops();
  38   1              SDA = 1;
  39   1      }
  40          
  41          //应答位控制
  42          void IIC_Ack(unsigned char ackbit)
  43          {
  44   1              if(ackbit) 
  45   1              {       
  46   2                      SDA = 0;
  47   2              }
  48   1              else 
  49   1              {
  50   2                      SDA = 1;
  51   2              }
  52   1              nops();
  53   1              SCL = 1;
  54   1              nops();
  55   1              SCL = 0;
C51 COMPILER V9.01   IIC                                                                   03/29/2018 22:40:19 PAGE 2   

  56   1              SDA = 1; 
  57   1              nops();
  58   1      }
  59          
  60          //等待应答
  61          bit IIC_WaitAck(void)
  62          {
  63   1              SDA = 1;
  64   1              nops();
  65   1              SCL = 1;
  66   1              nops();
  67   1              if(SDA)    
  68   1              {   
  69   2                      SCL = 0;
  70   2                      IIC_Stop();
  71   2                      return 0;
  72   2              }
  73   1              else  
  74   1              { 
  75   2                      SCL = 0;
  76   2                      return 1;
  77   2              }
  78   1      }
  79          
  80          //通过I2C总线发送数据
  81          void IIC_SendByte(unsigned char byt)
  82          {
  83   1              unsigned char i;
  84   1              for(i=0;i<8;i++)
  85   1              {   
  86   2                      if(byt&0x80) 
  87   2                      {       
  88   3                              SDA = 1;
  89   3                      }
  90   2                      else 
  91   2                      {
  92   3                              SDA = 0;
  93   3                      }
  94   2                      nops();
  95   2                      SCL = 1;
  96   2                      byt <<= 1;
  97   2                      nops();
  98   2                      SCL = 0;
  99   2              }
 100   1      }
 101          
 102          //从I2C总线上接收数据
 103          unsigned char IIC_RecByte(void)
 104          {
 105   1              unsigned char da;
 106   1              unsigned char i;
 107   1              
 108   1              for(i=0;i<8;i++)
 109   1              {   
 110   2                      SCL = 1;
 111   2                      nops();
 112   2                      da <<= 1;
 113   2                      if(SDA) 
 114   2                      da |= 0x01;
 115   2                      SCL = 0;
 116   2                      nops();
 117   2              }
C51 COMPILER V9.01   IIC                                                                   03/29/2018 22:40:19 PAGE 3   

 118   1              return da;
 119   1      }
 120          
 121          void ADC_Init()
 122          {
 123   1              IIC_Start();
 124   1              IIC_SendByte(0x90);
 125   1              IIC_WaitAck();
 126   1              IIC_SendByte(0x01);
 127   1              IIC_WaitAck();
 128   1              IIC_Stop();
 129   1      }
 130          
 131          uchar Read_ADC()
 132          {
 133   1              uchar temp;
 134   1              IIC_Start();
 135   1              IIC_SendByte(0x91);
 136   1              IIC_WaitAck();
 137   1              temp = IIC_RecByte();
 138   1              IIC_Ack(0);
 139   1              IIC_Stop();
 140   1              return temp;
 141   1      }


MODULE INFORMATION:   STATIC OVERLAYABLE
   CODE SIZE        =    205    ----
   CONSTANT SIZE    =   ----    ----
   XDATA SIZE       =   ----    ----
   PDATA SIZE       =   ----    ----
   DATA SIZE        =   ----    ----
   IDATA SIZE       =   ----    ----
   BIT SIZE         =   ----    ----
END OF MODULE INFORMATION.


C51 COMPILATION COMPLETE.  0 WARNING(S),  0 ERROR(S)
