C51 COMPILER V9.01   TIMER                                                                 03/29/2018 22:40:19 PAGE 1   


C51 COMPILER V9.01, COMPILATION OF MODULE TIMER
OBJECT MODULE PLACED IN timer.OBJ
COMPILER INVOKED BY: C:\Keil\C51\BIN\C51.EXE timer.c BROWSE DEBUG OBJECTEXTEND

line level    source

   1          #include "timer.h"
   2          #include "dig.h"
   3          
   4          uint t_1ms = 0;
   5          extern bit relay_flag, start_flag, light_flag;
   6          extern uint volumn, price;
   7          void Timer2Init(void)           //1毫秒@11.0592MHz
   8          {
   9   1              AUXR |= 0x04;           //定时器时钟1T模式
  10   1              T2L = 0xCD;             //设置定时初值
  11   1              T2H = 0xD4;             //设置定时初值
  12   1              AUXR |= 0x10;           //定时器2开始计时
  13   1              IE2  |= 0x04;
  14   1      }
  15          void Timer0Init(void)           //1毫秒@11.0592MHz
  16          {
  17   1              AUXR |= 0x80;           //定时器时钟1T模式
  18   1              TMOD &= 0xF0;           //设置定时器模式
  19   1              TL0 = 0xCD;             //设置定时初值
  20   1              TH0 = 0xD4;             //设置定时初值
  21   1              TF0 = 0;                //清除TF0标志
  22   1              TR0 = 0;                //定时器0开始计时
  23   1              ET0 = 1;
  24   1      }
  25          
  26          void Timer0_ISR() interrupt 1
  27          {
  28   1              t_1ms++;
  29   1              if(t_1ms >= 100)
  30   1              {
  31   2                      t_1ms = 0;
  32   2                      volumn++;
  33   2      
  34   2                      if(volumn >= 9999)
  35   2                      {
  36   3                              volumn = 9999;
  37   3                              t_1ms = 0;
  38   3                              price = volumn / 2;
  39   3                              TR0 = 0;
  40   3                              start_flag = 0;
  41   3                      }
  42   2              } 
  43   1      
  44   1      }
  45          
  46          void Timer2_ISR() interrupt 12
  47          {
  48   1              static uint i = 0, j = 0;
  49   1              i++;
  50   1              j++;
  51   1              if(i >= 253)
  52   1              {
  53   2                      i = 0;
  54   2                      relay_flag = 1;
  55   2              }
C51 COMPILER V9.01   TIMER                                                                 03/29/2018 22:40:19 PAGE 2   

  56   1              if(j >= 157)
  57   1              {
  58   2                      j = 0;
  59   2                      light_flag = 1;
  60   2              }
  61   1              display();
  62   1      }


MODULE INFORMATION:   STATIC OVERLAYABLE
   CODE SIZE        =    222    ----
   CONSTANT SIZE    =   ----    ----
   XDATA SIZE       =   ----    ----
   PDATA SIZE       =   ----    ----
   DATA SIZE        =      6    ----
   IDATA SIZE       =   ----    ----
   BIT SIZE         =   ----    ----
END OF MODULE INFORMATION.


C51 COMPILATION COMPLETE.  0 WARNING(S),  0 ERROR(S)
