C51 COMPILER V9.01   DIG                                                                   05/13/2018 20:32:26 PAGE 1   


C51 COMPILER V9.01, COMPILATION OF MODULE DIG
OBJECT MODULE PLACED IN dig.OBJ
COMPILER INVOKED BY: C:\Keil\C51\BIN\C51.EXE dig.c BROWSE DEBUG OBJECTEXTEND

line level    source

   1          #include "dig.h"
   2          #include "ds1302.h"
   3          
   4          uchar code DIG_CODE[] = {0xc0, 0xf9, 0xa4, 0xb0, 0x99, 0x92, 0x82, 0xf8, 0x80, 0x90};
   5          uchar dis_code[8], dig_flag = 0;
   6          extern uchar TIME[7], sec, min, hour, dis_flag, kkey;
   7          extern uchar wet, tempe, light;
   8          extern uint dis_times;
   9          void set()
  10          {
  11   1              Read_Time();
  12   1              sec = TIME[0] / 16 * 10 + TIME[0] % 16;
  13   1              min = TIME[1] / 16 * 10 + TIME[1] % 16;
  14   1              hour = TIME[2] / 16 * 10 + TIME[2] % 16;
  15   1      
  16   1              if (dis_flag == 0)
  17   1              {
  18   2                      dis_code[0] = DIG_CODE[tempe / 10];
  19   2                      dis_code[1] = DIG_CODE[tempe % 10];
  20   2                      dis_code[2] = 0xc6;
  21   2                      dis_code[3] = 0xff;
  22   2                      dis_code[4] = 0xff;
  23   2                      dis_code[5] = DIG_CODE[wet / 10];
  24   2                      dis_code[6] = DIG_CODE[wet % 10];
  25   2                      dis_code[7] = 0x89;
  26   2              }
  27   1              else if(dis_flag == 1)
  28   1              {
  29   2                      dis_code[0] = DIG_CODE[hour / 10];
  30   2                      dis_code[1] = DIG_CODE[hour % 10];
  31   2                      dis_code[2] = 0xbf;
  32   2                      dis_code[3] = DIG_CODE[min / 10];
  33   2                      dis_code[4] = DIG_CODE[min % 10];
  34   2                      dis_code[5] = 0xbf;
  35   2                      dis_code[6] = DIG_CODE[sec / 10];
  36   2                      dis_code[7] = DIG_CODE[sec % 10];
  37   2              
  38   2                      if(sec%2)
  39   2                      {
  40   3                              dis_code[2] = 0xff;
  41   3                              dis_code[5] = 0xff;     
  42   3                      }
  43   2              }
  44   1              else if(dis_flag == 2)
  45   1              {
  46   2                      dis_code[0] = 0xff;
  47   2                      dis_code[1] = 0xff;
  48   2                      dis_code[2] = 0xff;
  49   2                      dis_code[3] = 0xbf;
  50   2                      dis_code[4] = DIG_CODE[dis_times / 1000];
  51   2                      dis_code[5] = DIG_CODE[dis_times % 1000 / 100];
  52   2                      dis_code[6] = DIG_CODE[dis_times % 100 / 10];
  53   2                      dis_code[7] = DIG_CODE[dis_times % 10];
  54   2              }
  55   1      }
C51 COMPILER V9.01   DIG                                                                   05/13/2018 20:32:26 PAGE 2   

  56          
  57          void display()
  58          {
  59   1              set();
  60   1              P2 = P2 & 0x0f | 0xe0;
  61   1              P0 = 0xff;
  62   1              P2 &= 0x0f;
  63   1      
  64   1              P2 = P2 & 0x0f | 0xc0;
  65   1              P0 = 0x01<<dig_flag;
  66   1              P2 &= 0x0f;
  67   1              P2 = P2 & 0x0f | 0xe0;
  68   1              P0 = dis_code[dig_flag];
  69   1              P2 &= 0x0f;
  70   1      
  71   1              if(++dig_flag == 8)
  72   1                      dig_flag = 0;
  73   1      
  74   1      
  75   1      }


MODULE INFORMATION:   STATIC OVERLAYABLE
   CODE SIZE        =    425    ----
   CONSTANT SIZE    =     10    ----
   XDATA SIZE       =   ----    ----
   PDATA SIZE       =   ----    ----
   DATA SIZE        =      9    ----
   IDATA SIZE       =   ----    ----
   BIT SIZE         =   ----    ----
END OF MODULE INFORMATION.


C51 COMPILATION COMPLETE.  0 WARNING(S),  0 ERROR(S)
