C51 COMPILER V9.01   KEY                                                                   05/13/2018 16:37:05 PAGE 1   


C51 COMPILER V9.01, COMPILATION OF MODULE KEY
OBJECT MODULE PLACED IN key.OBJ
COMPILER INVOKED BY: C:\Keil\C51\BIN\C51.EXE key.c BROWSE DEBUG OBJECTEXTEND

line level    source

   1          #include "KEY.h"
   2          
   3          uint key_pre = 0, key_re = 0, key_val = 0xff;
   4          
   5          uchar Read_Key()
   6          {
   7   1              uchar temp;
   8   1              temp = P3 & 0x0f;
   9   1              if(temp != 0x0f)
  10   1              {
  11   2                      key_pre ++;
  12   2              }
  13   1              else
  14   1                      key_pre = 0;
  15   1      
  16   1              if(key_pre >= 10000)
  17   1              {
  18   2                      key_pre = 0;
  19   2                      key_re = 1;
  20   2      
  21   2                      switch(temp)
  22   2                      {
  23   3                              case 0x0e: key_val = 1; break;
  24   3                              case 0x0d: key_val = 2; break;
  25   3                              case 0x0b: key_val = 3; break;
  26   3                              case 0x07: key_val = 4; break;
  27   3                      }
  28   2              }
  29   1      
  30   1              temp = P3 & 0x0f;
  31   1              if((temp==0x0f) && (key_re == 1))
  32   1              {
  33   2                      key_re = 0;
  34   2                      return key_val;
  35   2              }
  36   1              else
  37   1                      return 0xff;
  38   1      
  39   1      }


MODULE INFORMATION:   STATIC OVERLAYABLE
   CODE SIZE        =    117    ----
   CONSTANT SIZE    =   ----    ----
   XDATA SIZE       =   ----    ----
   PDATA SIZE       =   ----    ----
   DATA SIZE        =      6    ----
   IDATA SIZE       =   ----    ----
   BIT SIZE         =   ----    ----
END OF MODULE INFORMATION.


C51 COMPILATION COMPLETE.  0 WARNING(S),  0 ERROR(S)
