C51 COMPILER V9.01   ONEWIRE                                                               05/13/2018 16:37:06 PAGE 1   


C51 COMPILER V9.01, COMPILATION OF MODULE ONEWIRE
OBJECT MODULE PLACED IN onewire.OBJ
COMPILER INVOKED BY: C:\Keil\C51\BIN\C51.EXE onewire.c BROWSE DEBUG OBJECTEXTEND

line level    source

   1          /*
   2            程序说明: 单总线驱动程序
   3            软件环境: Keil uVision 4.10 
   4            硬件环境: CT107单片机综合实训平台
   5            日    期: 2011-8-9
   6          */
   7          
   8          #include "onewire.h"
   9          
  10          //单总线延时函数
  11          void Delay_OneWire(unsigned int t)
  12          {
  13   1              uchar i;
  14   1        while(t--)
  15   1        {
  16   2              for(i=0;i<12;i++)
  17   2                      ;
  18   2        }
  19   1      }
  20          
  21          //DS18B20芯片初始化
  22          bit Init_DS18B20(void)
  23          {
  24   1              bit initflag = 0;
  25   1              DQ = 1;
  26   1              Delay_OneWire(12);
  27   1              DQ = 0;
  28   1              Delay_OneWire(80); 
  29   1              DQ = 1;
  30   1              Delay_OneWire(10); 
  31   1              initflag = DQ;    
  32   1              Delay_OneWire(5);
  33   1        
  34   1              return initflag;
  35   1      }
  36          
  37          //通过单总线向DS18B20写一个字节
  38          void Write_DS18B20(unsigned char dat)
  39          {
  40   1              unsigned char i;
  41   1              for(i=0;i<8;i++)
  42   1              {
  43   2                      DQ = 0;
  44   2                      DQ = dat&0x01;
  45   2                      TR0 = 0;
  46   2                      Delay_OneWire(5);
  47   2                      TR0 = 1;
  48   2                      DQ = 1;
  49   2                      dat >>= 1;
  50   2              }
  51   1              Delay_OneWire(5);
  52   1      }
  53          
  54          //从DS18B20读取一个字节
  55          unsigned char Read_DS18B20(void)
C51 COMPILER V9.01   ONEWIRE                                                               05/13/2018 16:37:06 PAGE 2   

  56          {
  57   1              unsigned char i;
  58   1              unsigned char dat;
  59   1        
  60   1              for(i=0;i<8;i++)
  61   1              {
  62   2                      DQ = 0;
  63   2                      dat >>= 1;
  64   2                      DQ = 1;
  65   2                      if(DQ)
  66   2                      {
  67   3                              dat |= 0x80;
  68   3                      }           
  69   2                      Delay_OneWire(5);
  70   2              }
  71   1              return dat;
  72   1      }
  73          uchar Read_Temp()
  74          {
  75   1              unsigned char low,high;
  76   1              uint temp;
  77   1      
  78   1              Init_DS18B20();
  79   1              Write_DS18B20(0xcc);   
  80   1              Write_DS18B20(0x44);
  81   1              Delay_OneWire(200);
  82   1              Init_DS18B20();           
  83   1              Write_DS18B20(0xcc);  
  84   1              Write_DS18B20(0xbe);
  85   1              low=Read_DS18B20();
  86   1              high=Read_DS18B20();
  87   1              
  88   1              temp= high<<4;
  89   1              temp |= low>>4;
  90   1              
  91   1              return temp;
  92   1      
  93   1      }


MODULE INFORMATION:   STATIC OVERLAYABLE
   CODE SIZE        =    179    ----
   CONSTANT SIZE    =   ----    ----
   XDATA SIZE       =   ----    ----
   PDATA SIZE       =   ----    ----
   DATA SIZE        =   ----    ----
   IDATA SIZE       =   ----    ----
   BIT SIZE         =   ----       1
END OF MODULE INFORMATION.


C51 COMPILATION COMPLETE.  0 WARNING(S),  0 ERROR(S)
