C51 COMPILER V9.01   KEY                                                                   03/28/2018 18:12:11 PAGE 1   


C51 COMPILER V9.01, COMPILATION OF MODULE KEY
OBJECT MODULE PLACED IN key.OBJ
COMPILER INVOKED BY: C:\Keil\C51\BIN\C51.EXE key.c BROWSE DEBUG OBJECTEXTEND

line level    source

   1          #include "key.h"
   2          void Delay10ms()                //@11.0592MHz
   3          {
   4   1              unsigned char i, j;
   5   1      
   6   1              i = 108;
   7   1              j = 145;
   8   1              do
   9   1              {
  10   2                      while (--j);
  11   2              } while (--i);
  12   1      }
  13          
  14          uchar Read_Key()
  15          {
  16   1              uchar temp, val = 0xff;
  17   1              temp = P3 & 0x0f;
  18   1              if(temp != 0x0f)
  19   1              {
  20   2                      Delay10ms();
  21   2                      temp = P3 & 0x0f;
  22   2                      if(temp != 0x0f)
  23   2                      {
  24   3                              switch(temp)
  25   3                              {
  26   4                                      case 0x0e: val = 1; break;
  27   4                                      case 0x0d: val = 2; break;
  28   4                                      case 0x0b: val = 3; break;
  29   4                                      case 0x07: val = 4; break;
  30   4                                      
  31   4                              }
  32   3                      }
  33   2              }
  34   1              temp = P3 & 0x0f;
  35   1              while(temp != 0x0f)
  36   1              {
  37   2                      Delay10ms();
  38   2                      temp = P3 & 0x0f;
  39   2              }
  40   1              return val;
  41   1      }


MODULE INFORMATION:   STATIC OVERLAYABLE
   CODE SIZE        =     82    ----
   CONSTANT SIZE    =   ----    ----
   XDATA SIZE       =   ----    ----
   PDATA SIZE       =   ----    ----
   DATA SIZE        =   ----    ----
   IDATA SIZE       =   ----    ----
   BIT SIZE         =   ----    ----
END OF MODULE INFORMATION.


C51 COMPILATION COMPLETE.  0 WARNING(S),  0 ERROR(S)
