C51 COMPILER V9.01   DS1302                                                                05/23/2018 18:36:53 PAGE 1   


C51 COMPILER V9.01, COMPILATION OF MODULE DS1302
OBJECT MODULE PLACED IN ds1302.OBJ
COMPILER INVOKED BY: C:\Keil\C51\BIN\C51.EXE ds1302.c BROWSE DEBUG OBJECTEXTEND

line level    source

   1          #include "ds1302.h"
   2          /********************************************************************/ 
   3          uchar code Write_Add[] = {0x80, 0x82, 0x84, 0x86, 0x88, 0x8a, 0x8c};
   4          uchar code Read_Add[]  = {0x81, 0x83, 0x85, 0x87, 0x89, 0x8b, 0x8d};
   5          uchar TIME[7] = {0x55, 0x59, 0x23, 0x01, 0x01, 0x01, 0x01};
   6          
   7          /*单字节写入一字节数据*/
   8          void Write_Ds1302_Byte(unsigned char dat) 
   9          {
  10   1              unsigned char i;
  11   1              SCK = 0;
  12   1              _nop_();
  13   1              for (i=0;i<8;i++) 
  14   1              { 
  15   2                      if (dat & 0x01)         // 等价于if((addr & 0x01) ==1) 
  16   2                      {
  17   3                              SDA_SET;                //#define SDA_SET SDA=1 /*电平置高*/
  18   3                      }
  19   2                      else 
  20   2                      {
  21   3                              SDA_CLR;                //#define SDA_CLR SDA=0 /*电平置低*/
  22   3                      }                
  23   2                      SCK_SET;
  24   2                      _nop_();
  25   2                      SCK_CLR;
  26   2                      _nop_();                
  27   2                      dat = dat >> 1; 
  28   2              } 
  29   1      }
  30          /********************************************************************/ 
  31          /*单字节读出一字节数据*/
  32          unsigned char Read_Ds1302_Byte(void) 
  33          {
  34   1              unsigned char i, dat=0; 
  35   1              for (i=0;i<8;i++)
  36   1              {       
  37   2                      dat = dat >> 1;
  38   2                      if (SDA_R)        //等价于if(SDA_R==1)    #define SDA_R SDA /*电平读取*/        
  39   2                      {
  40   3                              dat |= 0x80;
  41   3                      }
  42   2                      else 
  43   2                      {
  44   3                              dat &= 0x7F;
  45   3                      }
  46   2                      SCK_SET;
  47   2                      _nop_();
  48   2                      SCK_CLR;
  49   2                      _nop_();
  50   2              }
  51   1              return dat;
  52   1      }
  53          
  54          /********************************************************************/ 
  55          /*向DS1302 单字节写入一字节数据*/
C51 COMPILER V9.01   DS1302                                                                05/23/2018 18:36:53 PAGE 2   

  56          void Ds1302_Single_Byte_Write(unsigned char addr, unsigned char dat)
  57          { 
  58   1      
  59   1              RST_CLR;                        /*RST脚置低，实现DS1302的初始化*/
  60   1              _nop_();
  61   1              SCK_CLR;                        /*SCK脚置低，实现DS1302的初始化*/
  62   1              _nop_();
  63   1              RST_SET;                        /*启动DS1302总线,RST=1电平置高 */
  64   1              _nop_();
  65   1              addr = addr & 0xFE;      
  66   1              Write_Ds1302_Byte(addr); /*写入目标地址：addr,保证是写操作,写之前将最低位置零*/ 
  67   1              Write_Ds1302_Byte(dat);  /*写入数据：dat*/
  68   1              RST_CLR;                                 /*停止DS1302总线*/
  69   1      }
  70          
  71          /********************************************************************/ 
  72          /*从DS1302单字节读出一字节数据*/
  73          unsigned char Ds1302_Single_Byte_Read(unsigned char addr) 
  74          { 
  75   1              unsigned char temp;
  76   1              RST_CLR;                        /*RST脚置低，实现DS1302的初始化*/
  77   1              _nop_();
  78   1              SCK_CLR;                        /*SCK脚置低，实现DS1302的初始化*/
  79   1              _nop_();
  80   1              RST_SET;        /*启动DS1302总线,RST=1电平置高 */       
  81   1              _nop_();
  82   1              addr = addr | 0x01;      
  83   1              Write_Ds1302_Byte(addr); /*写入目标地址：addr,保证是读操作,写之前将最低位置高*/
  84   1              temp=Read_Ds1302_Byte(); /*从DS1302中读出一个字节的数据*/               
  85   1              RST_CLR;        /*停止DS1302总线*/
  86   1              _nop_();
  87   1              SCK = 1;
  88   1              _nop_();
  89   1              SD = 1;
  90   1              _nop_();
  91   1              SD = 0;
  92   1              _nop_();
  93   1              return temp;
  94   1      }
  95          
  96          void DS1302_Init()
  97          {
  98   1              uchar i;
  99   1              Ds1302_Single_Byte_Write(0x8e, 0x00);
 100   1              for(i = 0; i < 7; i++)
 101   1                      Ds1302_Single_Byte_Write(Write_Add[i], TIME[i]);
 102   1              Ds1302_Single_Byte_Write(0x8e, 0x80);
 103   1      }
 104          
 105          void Read_Time()
 106          {
 107   1              uchar i;
 108   1              for(i = 0; i < 7; i++)
 109   1                      TIME[i] = Ds1302_Single_Byte_Read(Read_Add[i]);
 110   1      }


MODULE INFORMATION:   STATIC OVERLAYABLE
   CODE SIZE        =    174    ----
   CONSTANT SIZE    =     14    ----
   XDATA SIZE       =   ----    ----
   PDATA SIZE       =   ----    ----
C51 COMPILER V9.01   DS1302                                                                05/23/2018 18:36:53 PAGE 3   

   DATA SIZE        =      7    ----
   IDATA SIZE       =   ----    ----
   BIT SIZE         =   ----    ----
END OF MODULE INFORMATION.


C51 COMPILATION COMPLETE.  0 WARNING(S),  0 ERROR(S)
