C51 COMPILER V9.01   KBD                                                                   05/23/2018 21:06:52 PAGE 1   


C51 COMPILER V9.01, COMPILATION OF MODULE KBD
OBJECT MODULE PLACED IN kbd.OBJ
COMPILER INVOKED BY: C:\Keil\C51\BIN\C51.EXE kbd.c BROWSE DEBUG OBJECTEXTEND

line level    source

   1          #include "kbd.h"
   2          
   3          uint key_pre = 0;
   4          bit key_re = 0;
   5          uchar key_val = 0xff;
   6          
   7          uchar Read_Kbd()
   8          {
   9   1              uchar col;
  10   1      
  11   1              P3 = 0xf0; P42 = 1; P44 = 1;
  12   1              
  13   1              if((P3!=0xf0)||(P42!=1)||(P44!=1))
  14   1                      key_pre++;
  15   1              else
  16   1                      key_pre = 0;
  17   1      
  18   1              if(key_pre >= 1000)
  19   1              {
  20   2                      key_pre = 0;
  21   2                      key_re = 1;
  22   2      
  23   2                      if(P44 == 0) col = 1;
  24   2                      if(P42 == 0) col = 2;
  25   2                      if((P3 & 0x20) == 0) col = 3;
  26   2                      if((P3 & 0x10) == 0) col = 4;
  27   2      
  28   2                      P3 = 0x0f; P42 = 0; P44 = 0;
  29   2                      if((P3 & 0x01) == 0) key_val = col - 1;
  30   2                      if((P3 & 0x02) == 0) key_val = col + 3;
  31   2                      if((P3 & 0x04) == 0) key_val = col + 7;
  32   2                      if((P3 & 0x08) == 0) key_val = col + 11;
  33   2              }
  34   1              P3 = 0xf0; P42 = 1; P44 = 1;
  35   1              if((P3 == 0xf0) && (P42 == 1) && (P44 == 1) && (key_re == 1))
  36   1              {
  37   2                      key_re = 0;
  38   2                      return key_val;
  39   2              }
  40   1      
  41   1              return 0xff;
  42   1      }


MODULE INFORMATION:   STATIC OVERLAYABLE
   CODE SIZE        =    150    ----
   CONSTANT SIZE    =   ----    ----
   XDATA SIZE       =   ----    ----
   PDATA SIZE       =   ----    ----
   DATA SIZE        =      3    ----
   IDATA SIZE       =   ----    ----
   BIT SIZE         =      1    ----
END OF MODULE INFORMATION.


C51 COMPILATION COMPLETE.  0 WARNING(S),  0 ERROR(S)
