C51 COMPILER V9.01   MOD                                                                   05/23/2018 18:36:34 PAGE 1   


C51 COMPILER V9.01, COMPILATION OF MODULE MOD
OBJECT MODULE PLACED IN mod.OBJ
COMPILER INVOKED BY: C:\Keil\C51\BIN\C51.EXE mod.c BROWSE DEBUG OBJECTEXTEND

line level    source

   1          #include "mod.h"
   2          
   3          void led_off()
   4          {
   5   1              P2 = P2 & 0x1f | 0x80;
   6   1              P0 = 0xff;
   7   1              P2 &= 0x1f;
   8   1      }
   9          
  10          void mod_off()
  11          {
  12   1              P2 = P2 & 0x1f | 0xa0;
  13   1              P0 = 0x00;
  14   1              P2 &= 0x1f;
  15   1      }


MODULE INFORMATION:   STATIC OVERLAYABLE
   CODE SIZE        =     30    ----
   CONSTANT SIZE    =   ----    ----
   XDATA SIZE       =   ----    ----
   PDATA SIZE       =   ----    ----
   DATA SIZE        =   ----    ----
   IDATA SIZE       =   ----    ----
   BIT SIZE         =   ----    ----
END OF MODULE INFORMATION.


C51 COMPILATION COMPLETE.  0 WARNING(S),  0 ERROR(S)
