C51 COMPILER V9.01   TIMER                                                                 05/23/2018 20:26:42 PAGE 1   


C51 COMPILER V9.01, COMPILATION OF MODULE TIMER
OBJECT MODULE PLACED IN timer.OBJ
COMPILER INVOKED BY: C:\Keil\C51\BIN\C51.EXE timer.c BROWSE DEBUG OBJECTEXTEND

line level    source

   1          #include "timer.h"
   2          #include "dig.h"
   3          
   4          uint over = 0;
   5          extern bit ad_flag;
   6          extern long uint fre, per;
   7          void Timer2Init(void)           //1??@11.0592MHz
   8          {
   9   1              AUXR |= 0x04;           //?????1T??
  10   1              T2L = 0xCD;             //??????
  11   1              T2H = 0xD4;             //??????
  12   1              AUXR |= 0x10;           //???2????
  13   1              IE2 |= 0x04;
  14   1              EA = 1;
  15   1      }
  16          void Timer0Init(void)           //1??@11.0592MHz
  17          {
  18   1              AUXR &= 0xBF;           //?????12T??
  19   1              TMOD &= 0xf0;           //???????
  20   1              TMOD |= 0x05;
  21   1              TL0 = 0;                //??????
  22   1              TH0 = 0;                //??????
  23   1              TF0 = 0;                //??TF1??
  24   1              TR0 = 0;                //???1????
  25   1              ET0 = 1;
  26   1      }
  27          void Timer0_ISR() interrupt 1
  28          {
  29   1              over++;
  30   1      }
  31          void Timer2_ISR() interrupt 12
  32          {
  33   1              static uint i = 0, j = 0;
  34   1              
  35   1              if(ad_flag == 0)
  36   1              {
  37   2                      i++;
  38   2              
  39   2                      if(i >= 150)
  40   2                      {
  41   3                              i = 0;
  42   3                              ad_flag = 1;
  43   3                      }
  44   2              }
  45   1              else
  46   1              {
  47   2                      i = 0;
  48   2                      ad_flag = 0;
  49   2              }
  50   1      
  51   1              j++;
  52   1              if(j >= 990)
  53   1              {
  54   2                      TR0 = 0;
  55   2                      fre = (over<<16) | (TH0<<8) | TL0;  
C51 COMPILER V9.01   TIMER                                                                 05/23/2018 20:26:42 PAGE 2   

  56   2                      per = 1000000.0 / fre;
  57   2                      over = 0;
  58   2                      TH0 = 0;
  59   2                      TL0 = 0;   
  60   2                      j = 0;
  61   2                      TR0 = 1;
  62   2              }
  63   1              display();
  64   1      }


MODULE INFORMATION:   STATIC OVERLAYABLE
   CODE SIZE        =    265    ----
   CONSTANT SIZE    =   ----    ----
   XDATA SIZE       =   ----    ----
   PDATA SIZE       =   ----    ----
   DATA SIZE        =      6    ----
   IDATA SIZE       =   ----    ----
   BIT SIZE         =   ----    ----
END OF MODULE INFORMATION.


C51 COMPILATION COMPLETE.  0 WARNING(S),  0 ERROR(S)
