C51 COMPILER V9.01   DIG                                                                   03/27/2018 09:09:12 PAGE 1   


C51 COMPILER V9.01, COMPILATION OF MODULE DIG
OBJECT MODULE PLACED IN dig.OBJ
COMPILER INVOKED BY: C:\Keil\C51\BIN\C51.EXE dig.c BROWSE DEBUG OBJECTEXTEND

line level    source

   1          #include "dig.h"
   2          
   3          uchar code DIG_CODE[] = {0xc0, 0xf9, 0xa4, 0xb0, 0x99, 0x92, 0x82, 0xf8, 0x80, 0x90};
   4          uchar dis_code[8], dis_flag = 0;
   5          
   6          extern uchar play_flag, set_inter, sec, min, hour, temper, index, mem_temp[10];
   7          void set()
   8          {
   9   1              if(play_flag == 1)
  10   1              {
  11   2                      dis_code[0] = 0xff;
  12   2                      dis_code[1] = 0xff;
  13   2                      dis_code[2] = 0xff;
  14   2                      dis_code[3] = 0xff;
  15   2                      dis_code[4] = 0xff;
  16   2                      dis_code[5] = 0xbf;
  17   2                      dis_code[6] = DIG_CODE[set_inter / 10];
  18   2                      dis_code[7] = DIG_CODE[set_inter % 10];
  19   2              }
  20   1              else if(play_flag == 2)
  21   1              {
  22   2                      dis_code[0] = DIG_CODE[hour / 10];
  23   2                      dis_code[1] = DIG_CODE[hour / 10];
  24   2                      dis_code[2] = 0xbf;
  25   2                      dis_code[3] = DIG_CODE[min / 10];
  26   2                      dis_code[4] = DIG_CODE[min / 10];
  27   2                      dis_code[5] = 0xbf;
  28   2                      dis_code[6] = DIG_CODE[sec / 10];
  29   2                      dis_code[7] = DIG_CODE[sec % 10];
  30   2      
  31   2                      if(sec%2)
  32   2                      {
  33   3                              dis_code[2] = 0xff;
  34   3                              dis_code[5] = 0xff;
  35   3                      }
  36   2              }
  37   1              else if(play_flag == 3)
  38   1              {
  39   2                      dis_code[0] = 0xbf;
  40   2                      dis_code[1] = DIG_CODE[index / 10];
  41   2                      dis_code[2] = DIG_CODE[index % 10];
  42   2                      dis_code[3] = 0xff;
  43   2                      dis_code[4] = 0xff;
  44   2                      dis_code[5] = 0xbf;
  45   2                      dis_code[6] = DIG_CODE[mem_temp[index] / 10];
  46   2                      dis_code[7] = DIG_CODE[mem_temp[index] % 10];   }
  47   1      }
  48          
  49          
  50          
  51          void display()
  52          {
  53   1              set();
  54   1              P2 = P2 & 0x0f | 0xe0;
  55   1              P0 = 0xff;
C51 COMPILER V9.01   DIG                                                                   03/27/2018 09:09:12 PAGE 2   

  56   1              P2 &= 0x0f;
  57   1              P2 = P2 & 0x0f | 0xc0;
  58   1              P0 = 0x01 << dis_flag;
  59   1              P2 &= 0x0f;
  60   1              P2 = P2 & 0x0f | 0xe0;
  61   1              P0 = dis_code[dis_flag];
  62   1              P2 &= 0x0f;
  63   1              
  64   1              if(++dis_flag == 8)
  65   1                      dis_flag = 0;   
  66   1      }


MODULE INFORMATION:   STATIC OVERLAYABLE
   CODE SIZE        =    248    ----
   CONSTANT SIZE    =     10    ----
   XDATA SIZE       =   ----    ----
   PDATA SIZE       =   ----    ----
   DATA SIZE        =      9    ----
   IDATA SIZE       =   ----    ----
   BIT SIZE         =   ----    ----
END OF MODULE INFORMATION.


C51 COMPILATION COMPLETE.  0 WARNING(S),  0 ERROR(S)
