C51 COMPILER V9.01   KEY                                                                   03/27/2018 09:25:28 PAGE 1   


C51 COMPILER V9.01, COMPILATION OF MODULE KEY
OBJECT MODULE PLACED IN key.OBJ
COMPILER INVOKED BY: C:\Keil\C51\BIN\C51.EXE key.c BROWSE DEBUG OBJECTEXTEND

line level    source

   1          #include "key.h"
   2          
   3          //uchar key_pre = 0, key_re = 0, key_val = 0xff;
   4          void Delay6ms()         //@11.0592MHz
   5          {
   6   1              unsigned char i, j;
   7   1      
   8   1              _nop_();
   9   1              _nop_();
  10   1              _nop_();
  11   1              i = 65;
  12   1              j = 136;
  13   1              do
  14   1              {
  15   2                      while (--j);
  16   2              } while (--i);
  17   1      }
  18          
  19          uchar Read_Key()
  20          {
  21   1              uchar temp, key_val = 0xff;
  22   1              temp = P3 & 0x0f;
  23   1              if(temp!=0x0f)
  24   1              {
  25   2                      Delay6ms();
  26   2                      temp = P3 & 0x0f;
  27   2                      if(temp != 0x0f)
  28   2                      {
  29   3                              switch(temp)
  30   3                              {
  31   4                                case 0x0e: key_val = 1; break;
  32   4                                case 0x0d: key_val = 2; break;
  33   4                                case 0x0b: key_val = 3; break;
  34   4                                case 0x07: key_val = 4; break;
  35   4                              }
  36   3                      }
  37   2              }
  38   1              temp = P3 & 0x0f;
  39   1              while(temp != 0x0f)
  40   1              {
  41   2                      Delay6ms();
  42   2                      temp = P3 & 0x0f;
  43   2              }
  44   1              return key_val;
  45   1      
  46   1      }


MODULE INFORMATION:   STATIC OVERLAYABLE
   CODE SIZE        =     85    ----
   CONSTANT SIZE    =   ----    ----
   XDATA SIZE       =   ----    ----
   PDATA SIZE       =   ----    ----
   DATA SIZE        =   ----    ----
   IDATA SIZE       =   ----    ----
C51 COMPILER V9.01   KEY                                                                   03/27/2018 09:25:28 PAGE 2   

   BIT SIZE         =   ----    ----
END OF MODULE INFORMATION.


C51 COMPILATION COMPLETE.  0 WARNING(S),  0 ERROR(S)
