C51 COMPILER V9.01   TIMER                                                                 03/27/2018 09:15:44 PAGE 1   


C51 COMPILER V9.01, COMPILATION OF MODULE TIMER
OBJECT MODULE PLACED IN timer.OBJ
COMPILER INVOKED BY: C:\Keil\C51\BIN\C51.EXE timer.c BROWSE DEBUG OBJECTEXTEND

line level    source

   1          #include "timer.h"
   2          #include "dig.h"
   3          #include "module.h"
   4          
   5          extern bit time_flag, temp_flag, end_1s;
   6          void Timer2Init(void)           //1毫秒@11.0592MHz
   7          {
   8   1              AUXR |= 0x04;           //定时器时钟1T模式
   9   1              T2L = 0xCD;             //设置定时初值
  10   1              T2H = 0xD4;             //设置定时初值
  11   1              AUXR |= 0x10;           //定时器2开始计时
  12   1      
  13   1              IE2 |= 0x04;
  14   1      }
  15          void Timer0Init(void)           //1毫秒@11.0592MHz
  16          {
  17   1              AUXR |= 0x80;           //定时器时钟1T模式
  18   1              TMOD &= 0xF0;           //设置定时器模式
  19   1              TL0 = 0xCD;             //设置定时初值
  20   1              TH0 = 0xD4;             //设置定时初值
  21   1              TF0 = 0;                //清除TF0标志
  22   1              TR0 = 0;                //定时器0开始计时
  23   1              
  24   1              ET0 = 1;
  25   1      }
  26          void Timer1Init(void)           //50毫秒@11.0592MHz
  27          {
  28   1              AUXR &= 0xBF;           //定时器时钟12T模式
  29   1              TMOD &= 0x0F;           //设置定时器模式
  30   1              TL1 = 0x00;             //设置定时初值
  31   1              TH1 = 0x4C;             //设置定时初值
  32   1              TF1 = 0;                //清除TF1标志
  33   1              TR1 = 0;                //定时器1开始计时
  34   1              ET1 = 1;
  35   1      }
  36          void Timer1_ISR() interrupt 3
  37          {
  38   1              static uint i = 0;
  39   1              i++;
  40   1              if(i<2)
  41   1                      led_on(~0x01);
  42   1              else if (i<3)
  43   1              {
  44   2                      led_on(~0x00);
  45   2              }
  46   1              else
  47   1              {
  48   2                      i = 0;
  49   2                      led_on(~0x01);
  50   2              }
  51   1      }
  52          
  53          void Timer0_ISR() interrupt 1
  54          {
  55   1              static uint t_1ms = 0;
C51 COMPILER V9.01   TIMER                                                                 03/27/2018 09:15:44 PAGE 2   

  56   1              t_1ms++;
  57   1              if(t_1ms>=999)
  58   1              {
  59   2                      t_1ms = 0;
  60   2                      end_1s = 1;
  61   2              }
  62   1      }
  63          void Tiemr2_ISR() interrupt 12
  64          {
  65   1              static uint i = 0, j = 0;
  66   1              i++;
  67   1              j++;
  68   1              if(j>=200)
  69   1              {
  70   2                      j = 0;
  71   2                      temp_flag = 1;
  72   2              }
  73   1              if(i>=400)
  74   1              {
  75   2                      i = 0;
  76   2                      time_flag = 1;
  77   2              }
  78   1              display();
  79   1      
  80   1      }


MODULE INFORMATION:   STATIC OVERLAYABLE
   CODE SIZE        =    300    ----
   CONSTANT SIZE    =   ----    ----
   XDATA SIZE       =   ----    ----
   PDATA SIZE       =   ----    ----
   DATA SIZE        =      8    ----
   IDATA SIZE       =   ----    ----
   BIT SIZE         =   ----    ----
END OF MODULE INFORMATION.


C51 COMPILATION COMPLETE.  0 WARNING(S),  0 ERROR(S)
