C51 COMPILER V9.01   KEY                                                                   03/30/2018 10:40:48 PAGE 1   


C51 COMPILER V9.01, COMPILATION OF MODULE KEY
OBJECT MODULE PLACED IN key.OBJ
COMPILER INVOKED BY: C:\Keil\C51\BIN\C51.EXE key.c BROWSE DEBUG OBJECTEXTEND

line level    source

   1          #include "key.h"
   2          //void Delay5ms()               //@11.0592MHz
   3          //{
   4          //      unsigned char i, j;
   5          //
   6          //      i = 54;
   7          //      j = 199;
   8          //      do
   9          //      {
  10          //              while (--j);
  11          //      } while (--i);
  12          //}
  13          //
  14          //uchar Read_Key()
  15          //{
  16          //      uchar temp, val = 0xff;
  17          //      temp = P3 & 0x0f;
  18          //      if(temp != 0x0f)
  19          //      {
  20          //              Delay5ms();
  21          //              temp = P3 & 0x0f;
  22          //              if(temp != 0x0f)
  23          //              {
  24          //                      switch(temp)
  25          //                      {
  26          //                              case 0x0e: val = 1; break;
  27          //                              case 0x0d: val = 2; break;
  28          //                              case 0x0b: val = 3; break;
  29          //                              case 0x07: val = 4; break;
  30          //                      }
  31          //              }
  32          //
  33          //      }
  34          //      temp = P3 & 0x0f;
  35          //      while(temp != 0x0f)
  36          //      {
  37          //              Delay5ms();
  38          //              temp = P3 & 0x0f;
  39          //      }
  40          //
  41          //      return val;
  42          //
  43          //}
  44          
  45          uint key_pre = 0;
  46          uchar key_re = 0, key_val = 0xff;
  47          
  48          uchar Read_Key()
  49          {
  50   1              uchar temp;
  51   1              temp = P3 & 0x0f;
  52   1              if(temp != 0x0f)
  53   1                      key_pre ++;
  54   1              else
  55   1                      key_pre = 0;
C51 COMPILER V9.01   KEY                                                                   03/30/2018 10:40:48 PAGE 2   

  56   1      
  57   1              if(key_pre >= 300)
  58   1              {
  59   2                      key_pre = 0;
  60   2                      key_re = 1;
  61   2                      temp = P3 & 0x0f;
  62   2                      switch(temp)
  63   2                      {
  64   3                              case 0x0e: key_val = 1; break;
  65   3                              case 0x0d: key_val = 2; break;
  66   3                              case 0x0b: key_val = 3; break;
  67   3                              case 0x07: key_val = 4; break;
  68   3                      }
  69   2              }
  70   1              temp = P3 & 0x0f;
  71   1              if((key_re == 1) && (temp == 0x0f))
  72   1              {
  73   2                      key_re = 0;
  74   2                      return key_val;
  75   2              }
  76   1              else
  77   1                      return 0xff;
  78   1      }


MODULE INFORMATION:   STATIC OVERLAYABLE
   CODE SIZE        =    101    ----
   CONSTANT SIZE    =   ----    ----
   XDATA SIZE       =   ----    ----
   PDATA SIZE       =   ----    ----
   DATA SIZE        =      4    ----
   IDATA SIZE       =   ----    ----
   BIT SIZE         =   ----    ----
END OF MODULE INFORMATION.


C51 COMPILATION COMPLETE.  0 WARNING(S),  0 ERROR(S)
