C51 COMPILER V9.01   TIMER                                                                 03/30/2018 10:51:02 PAGE 1   


C51 COMPILER V9.01, COMPILATION OF MODULE TIMER
OBJECT MODULE PLACED IN timer.OBJ
COMPILER INVOKED BY: C:\Keil\C51\BIN\C51.EXE timer.c BROWSE DEBUG OBJECTEXTEND

line level    source

   1          #include "timer.h"
   2          #include "dig.h"
   3          sbit PWM = P3^4;
   4          extern bit temp_flag, relay_flag;
   5          void Timer2Init(void)           //1毫秒@11.0592MHz
   6          {
   7   1              AUXR |= 0x04;           //定时器时钟1T模式
   8   1              T2L = 0xCD;             //设置定时初值
   9   1              T2H = 0xD4;             //设置定时初值
  10   1              AUXR |= 0x10;           //定时器2开始计时
  11   1      
  12   1              IE2 |= 0x04;
  13   1      }
  14          void Timer0Init(void)           //100微秒@11.0592MHz
  15          {
  16   1              AUXR |= 0x80;           //定时器时钟1T模式
  17   1              TMOD &= 0xF0;           //设置定时器模式
  18   1              TL0 = 0xAE;             //设置定时初值
  19   1              TH0 = 0xFB;             //设置定时初值
  20   1              TF0 = 0;                //清除TF0标志
  21   1              TR0 = 0;                //定时器0开始计时
  22   1      
  23   1              ET0 = 1;
  24   1      }
  25          
  26          void Timer0_ISR() interrupt 1
  27          {
  28   1              static uchar i;
  29   1              i++;
  30   1              if(i < 3)
  31   1              {
  32   2                      PWM = 1;
  33   2              }
  34   1              else if(i < 10)
  35   1                      PWM = 0;
  36   1              else
  37   1              {
  38   2                      PWM = 1;
  39   2                      i = 0;
  40   2              }
  41   1      
  42   1      }
  43          
  44          void Timer2_ISR() interrupt 12
  45          {
  46   1              static uint i = 0, j = 0;
  47   1              i++;
  48   1              j++;
  49   1              if(j > 153)
  50   1              {
  51   2                      j = 0;
  52   2                      relay_flag = 1;
  53   2              }
  54   1              if(i > 457)
  55   1              {
C51 COMPILER V9.01   TIMER                                                                 03/30/2018 10:51:02 PAGE 2   

  56   2                      i = 0;
  57   2                      temp_flag = 1;
  58   2              }
  59   1              display();
  60   1      }


MODULE INFORMATION:   STATIC OVERLAYABLE
   CODE SIZE        =    184    ----
   CONSTANT SIZE    =   ----    ----
   XDATA SIZE       =   ----    ----
   PDATA SIZE       =   ----    ----
   DATA SIZE        =      5    ----
   IDATA SIZE       =   ----    ----
   BIT SIZE         =   ----    ----
END OF MODULE INFORMATION.


C51 COMPILATION COMPLETE.  0 WARNING(S),  0 ERROR(S)
